{"timestamp":"2025-10-02T07:41:44.103091Z","level":"info","event":"Filling up the DagBag from /opt/airflow/dags/connection_and_hook.py","logger":"airflow.models.dagbag.DagBag","filename":"dagbag.py","lineno":593}
{"timestamp":"2025-10-02T07:42:14.643528Z","level":"info","event":"Filling up the DagBag from /opt/airflow/dags/connection_and_hook.py","logger":"airflow.models.dagbag.DagBag","filename":"dagbag.py","lineno":593}
{"timestamp":"2025-10-02T07:42:45.145270Z","level":"info","event":"Filling up the DagBag from /opt/airflow/dags/connection_and_hook.py","logger":"airflow.models.dagbag.DagBag","filename":"dagbag.py","lineno":593}
{"timestamp":"2025-10-02T07:43:15.619493Z","level":"info","event":"Filling up the DagBag from /opt/airflow/dags/connection_and_hook.py","logger":"airflow.models.dagbag.DagBag","filename":"dagbag.py","lineno":593}
{"timestamp":"2025-10-02T07:43:18.724982Z","level":"info","event":"Filling up the DagBag from /opt/airflow/dags/connection_and_hook.py","logger":"airflow.models.dagbag.DagBag","filename":"dagbag.py","lineno":593}
{"timestamp":"2025-10-02T07:43:42.089718Z","level":"info","event":"Filling up the DagBag from /opt/airflow/dags/connection_and_hook.py","logger":"airflow.models.dagbag.DagBag","filename":"dagbag.py","lineno":593}
{"timestamp":"2025-10-02T07:44:12.542493Z","level":"info","event":"Filling up the DagBag from /opt/airflow/dags/connection_and_hook.py","logger":"airflow.models.dagbag.DagBag","filename":"dagbag.py","lineno":593}
{"timestamp":"2025-10-02T07:44:26.832422Z","level":"info","event":"Filling up the DagBag from /opt/airflow/dags/connection_and_hook.py","logger":"airflow.models.dagbag.DagBag","filename":"dagbag.py","lineno":593}
{"timestamp":"2025-10-02T07:44:44.092578Z","level":"info","event":"Filling up the DagBag from /opt/airflow/dags/connection_and_hook.py","logger":"airflow.models.dagbag.DagBag","filename":"dagbag.py","lineno":593}
{"timestamp":"2025-10-02T07:44:50.218347Z","level":"info","event":"Filling up the DagBag from /opt/airflow/dags/connection_and_hook.py","logger":"airflow.models.dagbag.DagBag","filename":"dagbag.py","lineno":593}
{"timestamp":"2025-10-02T07:45:14.645791Z","level":"info","event":"Filling up the DagBag from /opt/airflow/dags/connection_and_hook.py","logger":"airflow.models.dagbag.DagBag","filename":"dagbag.py","lineno":593}
{"timestamp":"2025-10-02T07:45:16.694103Z","level":"info","event":"Filling up the DagBag from /opt/airflow/dags/connection_and_hook.py","logger":"airflow.models.dagbag.DagBag","filename":"dagbag.py","lineno":593}
{"timestamp":"2025-10-02T07:45:22.906874Z","level":"info","event":"Filling up the DagBag from /opt/airflow/dags/connection_and_hook.py","logger":"airflow.models.dagbag.DagBag","filename":"dagbag.py","lineno":593}
{"timestamp":"2025-10-02T07:45:22.908737Z","level":"error","event":"Failed to import: /opt/airflow/dags/connection_and_hook.py","logger":"airflow.models.dagbag.DagBag","filename":"dagbag.py","lineno":415,"error_detail":[{"exc_type":"SyntaxError","exc_value":"invalid syntax (connection_and_hook.py, line 39)","exc_notes":[],"syntax_error":{"offset":22,"filename":"/opt/airflow/dags/connection_and_hook.py","line":"    list_customers = \n","lineno":39,"msg":"invalid syntax"},"is_cause":false,"frames":[{"filename":"/home/airflow/.local/lib/python3.12/site-packages/airflow/models/dagbag.py","lineno":405,"name":"parse"},{"filename":"<frozen importlib._bootstrap_external>","lineno":995,"name":"exec_module"},{"filename":"<frozen importlib._bootstrap_external>","lineno":1133,"name":"get_code"},{"filename":"<frozen importlib._bootstrap_external>","lineno":1063,"name":"source_to_code"},{"filename":"<frozen importlib._bootstrap>","lineno":488,"name":"_call_with_frames_removed"}],"is_group":false,"exceptions":[]}]}
{"timestamp":"2025-10-02T07:45:27.968303Z","level":"info","event":"Filling up the DagBag from /opt/airflow/dags/connection_and_hook.py","logger":"airflow.models.dagbag.DagBag","filename":"dagbag.py","lineno":593}
{"timestamp":"2025-10-02T07:45:27.973155Z","level":"error","event":"Failed to import: /opt/airflow/dags/connection_and_hook.py","logger":"airflow.models.dagbag.DagBag","filename":"dagbag.py","lineno":415,"error_detail":[{"exc_type":"TypeError","exc_value":"missing keyword argument 'python_callable'","exc_notes":[],"syntax_error":null,"is_cause":false,"frames":[{"filename":"/home/airflow/.local/lib/python3.12/site-packages/airflow/models/dagbag.py","lineno":405,"name":"parse"},{"filename":"<frozen importlib._bootstrap_external>","lineno":999,"name":"exec_module"},{"filename":"<frozen importlib._bootstrap>","lineno":488,"name":"_call_with_frames_removed"},{"filename":"/opt/airflow/dags/connection_and_hook.py","lineno":39,"name":"<module>"},{"filename":"/home/airflow/.local/lib/python3.12/site-packages/airflow/sdk/bases/operator.py","lineno":504,"name":"apply_defaults"}],"is_group":false,"exceptions":[]}]}
{"timestamp":"2025-10-02T07:45:32.023398Z","level":"info","event":"Filling up the DagBag from /opt/airflow/dags/connection_and_hook.py","logger":"airflow.models.dagbag.DagBag","filename":"dagbag.py","lineno":593}
{"timestamp":"2025-10-02T07:45:32.028911Z","level":"error","event":"Failed to import: /opt/airflow/dags/connection_and_hook.py","logger":"airflow.models.dagbag.DagBag","filename":"dagbag.py","lineno":415,"error_detail":[{"exc_type":"DuplicateTaskIdFound","exc_value":"Task id 'list_tables' has already been added to the Dag","exc_notes":[],"syntax_error":null,"is_cause":false,"frames":[{"filename":"/home/airflow/.local/lib/python3.12/site-packages/airflow/models/dagbag.py","lineno":405,"name":"parse"},{"filename":"<frozen importlib._bootstrap_external>","lineno":999,"name":"exec_module"},{"filename":"<frozen importlib._bootstrap>","lineno":488,"name":"_call_with_frames_removed"},{"filename":"/opt/airflow/dags/connection_and_hook.py","lineno":39,"name":"<module>"},{"filename":"/home/airflow/.local/lib/python3.12/site-packages/airflow/sdk/bases/operator.py","lineno":521,"name":"apply_defaults"},{"filename":"/home/airflow/.local/lib/python3.12/site-packages/airflow/providers/standard/operators/python.py","lineno":186,"name":"__init__"},{"filename":"/home/airflow/.local/lib/python3.12/site-packages/airflow/sdk/bases/operator.py","lineno":521,"name":"apply_defaults"},{"filename":"/home/airflow/.local/lib/python3.12/site-packages/airflow/sdk/bases/operator.py","lineno":1042,"name":"__init__"},{"filename":"/home/airflow/.local/lib/python3.12/site-packages/airflow/sdk/definitions/taskgroup.py","lineno":245,"name":"add"}],"is_group":false,"exceptions":[]}]}
{"timestamp":"2025-10-02T07:45:36.104714Z","level":"info","event":"Filling up the DagBag from /opt/airflow/dags/connection_and_hook.py","logger":"airflow.models.dagbag.DagBag","filename":"dagbag.py","lineno":593}
{"timestamp":"2025-10-02T07:45:47.313646Z","level":"info","event":"Filling up the DagBag from /opt/airflow/dags/connection_and_hook.py","logger":"airflow.models.dagbag.DagBag","filename":"dagbag.py","lineno":593}
{"timestamp":"2025-10-02T07:46:15.775604Z","level":"info","event":"Filling up the DagBag from /opt/airflow/dags/connection_and_hook.py","logger":"airflow.models.dagbag.DagBag","filename":"dagbag.py","lineno":593}
{"timestamp":"2025-10-02T07:46:46.278110Z","level":"info","event":"Filling up the DagBag from /opt/airflow/dags/connection_and_hook.py","logger":"airflow.models.dagbag.DagBag","filename":"dagbag.py","lineno":593}
{"timestamp":"2025-10-02T07:47:16.777599Z","level":"info","event":"Filling up the DagBag from /opt/airflow/dags/connection_and_hook.py","logger":"airflow.models.dagbag.DagBag","filename":"dagbag.py","lineno":593}
{"timestamp":"2025-10-02T07:47:47.262036Z","level":"info","event":"Filling up the DagBag from /opt/airflow/dags/connection_and_hook.py","logger":"airflow.models.dagbag.DagBag","filename":"dagbag.py","lineno":593}
{"timestamp":"2025-10-02T07:48:17.761754Z","level":"info","event":"Filling up the DagBag from /opt/airflow/dags/connection_and_hook.py","logger":"airflow.models.dagbag.DagBag","filename":"dagbag.py","lineno":593}
{"timestamp":"2025-10-02T07:48:48.239960Z","level":"info","event":"Filling up the DagBag from /opt/airflow/dags/connection_and_hook.py","logger":"airflow.models.dagbag.DagBag","filename":"dagbag.py","lineno":593}
{"timestamp":"2025-10-02T07:49:18.722184Z","level":"info","event":"Filling up the DagBag from /opt/airflow/dags/connection_and_hook.py","logger":"airflow.models.dagbag.DagBag","filename":"dagbag.py","lineno":593}
{"timestamp":"2025-10-02T07:49:28.930413Z","level":"info","event":"Filling up the DagBag from /opt/airflow/dags/connection_and_hook.py","logger":"airflow.models.dagbag.DagBag","filename":"dagbag.py","lineno":593}
{"timestamp":"2025-10-02T07:49:31.989456Z","level":"info","event":"Filling up the DagBag from /opt/airflow/dags/connection_and_hook.py","logger":"airflow.models.dagbag.DagBag","filename":"dagbag.py","lineno":593}
{"timestamp":"2025-10-02T07:49:33.033872Z","level":"info","event":"Filling up the DagBag from /opt/airflow/dags/connection_and_hook.py","logger":"airflow.models.dagbag.DagBag","filename":"dagbag.py","lineno":593}
{"timestamp":"2025-10-02T07:50:03.529663Z","level":"info","event":"Filling up the DagBag from /opt/airflow/dags/connection_and_hook.py","logger":"airflow.models.dagbag.DagBag","filename":"dagbag.py","lineno":593}
{"timestamp":"2025-10-02T07:50:34.013449Z","level":"info","event":"Filling up the DagBag from /opt/airflow/dags/connection_and_hook.py","logger":"airflow.models.dagbag.DagBag","filename":"dagbag.py","lineno":593}
{"timestamp":"2025-10-02T07:51:04.508062Z","level":"info","event":"Filling up the DagBag from /opt/airflow/dags/connection_and_hook.py","logger":"airflow.models.dagbag.DagBag","filename":"dagbag.py","lineno":593}
{"timestamp":"2025-10-02T07:51:34.943010Z","level":"info","event":"Filling up the DagBag from /opt/airflow/dags/connection_and_hook.py","logger":"airflow.models.dagbag.DagBag","filename":"dagbag.py","lineno":593}
{"timestamp":"2025-10-02T07:52:05.438290Z","level":"info","event":"Filling up the DagBag from /opt/airflow/dags/connection_and_hook.py","logger":"airflow.models.dagbag.DagBag","filename":"dagbag.py","lineno":593}
{"timestamp":"2025-10-02T07:52:35.909622Z","level":"info","event":"Filling up the DagBag from /opt/airflow/dags/connection_and_hook.py","logger":"airflow.models.dagbag.DagBag","filename":"dagbag.py","lineno":593}
{"timestamp":"2025-10-02T07:53:06.398076Z","level":"info","event":"Filling up the DagBag from /opt/airflow/dags/connection_and_hook.py","logger":"airflow.models.dagbag.DagBag","filename":"dagbag.py","lineno":593}
{"timestamp":"2025-10-02T07:53:36.882503Z","level":"info","event":"Filling up the DagBag from /opt/airflow/dags/connection_and_hook.py","logger":"airflow.models.dagbag.DagBag","filename":"dagbag.py","lineno":593}
{"timestamp":"2025-10-02T07:54:07.372951Z","level":"info","event":"Filling up the DagBag from /opt/airflow/dags/connection_and_hook.py","logger":"airflow.models.dagbag.DagBag","filename":"dagbag.py","lineno":593}
{"timestamp":"2025-10-02T07:54:37.855856Z","level":"info","event":"Filling up the DagBag from /opt/airflow/dags/connection_and_hook.py","logger":"airflow.models.dagbag.DagBag","filename":"dagbag.py","lineno":593}
{"timestamp":"2025-10-02T07:55:08.339805Z","level":"info","event":"Filling up the DagBag from /opt/airflow/dags/connection_and_hook.py","logger":"airflow.models.dagbag.DagBag","filename":"dagbag.py","lineno":593}
{"timestamp":"2025-10-02T07:55:38.824536Z","level":"info","event":"Filling up the DagBag from /opt/airflow/dags/connection_and_hook.py","logger":"airflow.models.dagbag.DagBag","filename":"dagbag.py","lineno":593}
{"timestamp":"2025-10-02T07:56:09.308162Z","level":"info","event":"Filling up the DagBag from /opt/airflow/dags/connection_and_hook.py","logger":"airflow.models.dagbag.DagBag","filename":"dagbag.py","lineno":593}
{"timestamp":"2025-10-02T07:56:39.790824Z","level":"info","event":"Filling up the DagBag from /opt/airflow/dags/connection_and_hook.py","logger":"airflow.models.dagbag.DagBag","filename":"dagbag.py","lineno":593}
{"timestamp":"2025-10-02T07:57:10.278827Z","level":"info","event":"Filling up the DagBag from /opt/airflow/dags/connection_and_hook.py","logger":"airflow.models.dagbag.DagBag","filename":"dagbag.py","lineno":593}
{"timestamp":"2025-10-02T07:57:40.766206Z","level":"info","event":"Filling up the DagBag from /opt/airflow/dags/connection_and_hook.py","logger":"airflow.models.dagbag.DagBag","filename":"dagbag.py","lineno":593}
{"timestamp":"2025-10-02T07:58:11.260101Z","level":"info","event":"Filling up the DagBag from /opt/airflow/dags/connection_and_hook.py","logger":"airflow.models.dagbag.DagBag","filename":"dagbag.py","lineno":593}
{"timestamp":"2025-10-02T07:58:41.795674Z","level":"info","event":"Filling up the DagBag from /opt/airflow/dags/connection_and_hook.py","logger":"airflow.models.dagbag.DagBag","filename":"dagbag.py","lineno":593}
{"timestamp":"2025-10-02T07:59:12.282328Z","level":"info","event":"Filling up the DagBag from /opt/airflow/dags/connection_and_hook.py","logger":"airflow.models.dagbag.DagBag","filename":"dagbag.py","lineno":593}
{"timestamp":"2025-10-02T07:59:42.765643Z","level":"info","event":"Filling up the DagBag from /opt/airflow/dags/connection_and_hook.py","logger":"airflow.models.dagbag.DagBag","filename":"dagbag.py","lineno":593}
{"timestamp":"2025-10-02T08:00:13.261833Z","level":"info","event":"Filling up the DagBag from /opt/airflow/dags/connection_and_hook.py","logger":"airflow.models.dagbag.DagBag","filename":"dagbag.py","lineno":593}
{"timestamp":"2025-10-02T08:00:43.763647Z","level":"info","event":"Filling up the DagBag from /opt/airflow/dags/connection_and_hook.py","logger":"airflow.models.dagbag.DagBag","filename":"dagbag.py","lineno":593}
{"timestamp":"2025-10-02T08:01:14.229025Z","level":"info","event":"Filling up the DagBag from /opt/airflow/dags/connection_and_hook.py","logger":"airflow.models.dagbag.DagBag","filename":"dagbag.py","lineno":593}
{"timestamp":"2025-10-02T08:01:44.711820Z","level":"info","event":"Filling up the DagBag from /opt/airflow/dags/connection_and_hook.py","logger":"airflow.models.dagbag.DagBag","filename":"dagbag.py","lineno":593}
{"timestamp":"2025-10-02T08:02:15.312242Z","level":"info","event":"Filling up the DagBag from /opt/airflow/dags/connection_and_hook.py","logger":"airflow.models.dagbag.DagBag","filename":"dagbag.py","lineno":593}
{"timestamp":"2025-10-02T08:02:45.950969Z","level":"info","event":"Filling up the DagBag from /opt/airflow/dags/connection_and_hook.py","logger":"airflow.models.dagbag.DagBag","filename":"dagbag.py","lineno":593}
{"timestamp":"2025-10-02T08:03:16.475529Z","level":"info","event":"Filling up the DagBag from /opt/airflow/dags/connection_and_hook.py","logger":"airflow.models.dagbag.DagBag","filename":"dagbag.py","lineno":593}
{"timestamp":"2025-10-02T08:03:47.012084Z","level":"info","event":"Filling up the DagBag from /opt/airflow/dags/connection_and_hook.py","logger":"airflow.models.dagbag.DagBag","filename":"dagbag.py","lineno":593}
{"timestamp":"2025-10-02T08:04:17.580556Z","level":"info","event":"Filling up the DagBag from /opt/airflow/dags/connection_and_hook.py","logger":"airflow.models.dagbag.DagBag","filename":"dagbag.py","lineno":593}
{"timestamp":"2025-10-02T08:04:48.088013Z","level":"info","event":"Filling up the DagBag from /opt/airflow/dags/connection_and_hook.py","logger":"airflow.models.dagbag.DagBag","filename":"dagbag.py","lineno":593}
{"timestamp":"2025-10-02T08:05:18.611187Z","level":"info","event":"Filling up the DagBag from /opt/airflow/dags/connection_and_hook.py","logger":"airflow.models.dagbag.DagBag","filename":"dagbag.py","lineno":593}
{"timestamp":"2025-10-02T08:05:49.120659Z","level":"info","event":"Filling up the DagBag from /opt/airflow/dags/connection_and_hook.py","logger":"airflow.models.dagbag.DagBag","filename":"dagbag.py","lineno":593}
{"timestamp":"2025-10-02T08:06:19.623079Z","level":"info","event":"Filling up the DagBag from /opt/airflow/dags/connection_and_hook.py","logger":"airflow.models.dagbag.DagBag","filename":"dagbag.py","lineno":593}
{"timestamp":"2025-10-02T08:06:50.064060Z","level":"info","event":"Filling up the DagBag from /opt/airflow/dags/connection_and_hook.py","logger":"airflow.models.dagbag.DagBag","filename":"dagbag.py","lineno":593}
{"timestamp":"2025-10-02T08:07:20.619760Z","level":"info","event":"Filling up the DagBag from /opt/airflow/dags/connection_and_hook.py","logger":"airflow.models.dagbag.DagBag","filename":"dagbag.py","lineno":593}
{"timestamp":"2025-10-02T08:07:51.122590Z","level":"info","event":"Filling up the DagBag from /opt/airflow/dags/connection_and_hook.py","logger":"airflow.models.dagbag.DagBag","filename":"dagbag.py","lineno":593}
{"timestamp":"2025-10-02T08:08:21.648760Z","level":"info","event":"Filling up the DagBag from /opt/airflow/dags/connection_and_hook.py","logger":"airflow.models.dagbag.DagBag","filename":"dagbag.py","lineno":593}
{"timestamp":"2025-10-02T08:08:52.152052Z","level":"info","event":"Filling up the DagBag from /opt/airflow/dags/connection_and_hook.py","logger":"airflow.models.dagbag.DagBag","filename":"dagbag.py","lineno":593}
{"timestamp":"2025-10-02T08:09:22.656827Z","level":"info","event":"Filling up the DagBag from /opt/airflow/dags/connection_and_hook.py","logger":"airflow.models.dagbag.DagBag","filename":"dagbag.py","lineno":593}
{"timestamp":"2025-10-02T08:09:53.151996Z","level":"info","event":"Filling up the DagBag from /opt/airflow/dags/connection_and_hook.py","logger":"airflow.models.dagbag.DagBag","filename":"dagbag.py","lineno":593}
{"timestamp":"2025-10-02T08:10:23.650958Z","level":"info","event":"Filling up the DagBag from /opt/airflow/dags/connection_and_hook.py","logger":"airflow.models.dagbag.DagBag","filename":"dagbag.py","lineno":593}
{"timestamp":"2025-10-02T08:10:54.147880Z","level":"info","event":"Filling up the DagBag from /opt/airflow/dags/connection_and_hook.py","logger":"airflow.models.dagbag.DagBag","filename":"dagbag.py","lineno":593}
{"timestamp":"2025-10-02T08:11:24.661541Z","level":"info","event":"Filling up the DagBag from /opt/airflow/dags/connection_and_hook.py","logger":"airflow.models.dagbag.DagBag","filename":"dagbag.py","lineno":593}
{"timestamp":"2025-10-02T08:11:55.175810Z","level":"info","event":"Filling up the DagBag from /opt/airflow/dags/connection_and_hook.py","logger":"airflow.models.dagbag.DagBag","filename":"dagbag.py","lineno":593}
{"timestamp":"2025-10-02T08:12:25.660981Z","level":"info","event":"Filling up the DagBag from /opt/airflow/dags/connection_and_hook.py","logger":"airflow.models.dagbag.DagBag","filename":"dagbag.py","lineno":593}
{"timestamp":"2025-10-02T08:12:56.183659Z","level":"info","event":"Filling up the DagBag from /opt/airflow/dags/connection_and_hook.py","logger":"airflow.models.dagbag.DagBag","filename":"dagbag.py","lineno":593}
{"timestamp":"2025-10-02T08:13:26.700100Z","level":"info","event":"Filling up the DagBag from /opt/airflow/dags/connection_and_hook.py","logger":"airflow.models.dagbag.DagBag","filename":"dagbag.py","lineno":593}
{"timestamp":"2025-10-02T08:13:57.202205Z","level":"info","event":"Filling up the DagBag from /opt/airflow/dags/connection_and_hook.py","logger":"airflow.models.dagbag.DagBag","filename":"dagbag.py","lineno":593}
{"timestamp":"2025-10-02T08:14:27.711892Z","level":"info","event":"Filling up the DagBag from /opt/airflow/dags/connection_and_hook.py","logger":"airflow.models.dagbag.DagBag","filename":"dagbag.py","lineno":593}
{"timestamp":"2025-10-02T08:14:58.228067Z","level":"info","event":"Filling up the DagBag from /opt/airflow/dags/connection_and_hook.py","logger":"airflow.models.dagbag.DagBag","filename":"dagbag.py","lineno":593}
{"timestamp":"2025-10-02T08:15:28.767816Z","level":"info","event":"Filling up the DagBag from /opt/airflow/dags/connection_and_hook.py","logger":"airflow.models.dagbag.DagBag","filename":"dagbag.py","lineno":593}
{"timestamp":"2025-10-02T08:15:59.257682Z","level":"info","event":"Filling up the DagBag from /opt/airflow/dags/connection_and_hook.py","logger":"airflow.models.dagbag.DagBag","filename":"dagbag.py","lineno":593}
{"timestamp":"2025-10-02T08:16:29.770733Z","level":"info","event":"Filling up the DagBag from /opt/airflow/dags/connection_and_hook.py","logger":"airflow.models.dagbag.DagBag","filename":"dagbag.py","lineno":593}
{"timestamp":"2025-10-02T08:17:00.285115Z","level":"info","event":"Filling up the DagBag from /opt/airflow/dags/connection_and_hook.py","logger":"airflow.models.dagbag.DagBag","filename":"dagbag.py","lineno":593}
{"timestamp":"2025-10-02T08:17:30.790938Z","level":"info","event":"Filling up the DagBag from /opt/airflow/dags/connection_and_hook.py","logger":"airflow.models.dagbag.DagBag","filename":"dagbag.py","lineno":593}
{"timestamp":"2025-10-02T08:18:01.291555Z","level":"info","event":"Filling up the DagBag from /opt/airflow/dags/connection_and_hook.py","logger":"airflow.models.dagbag.DagBag","filename":"dagbag.py","lineno":593}
{"timestamp":"2025-10-02T08:18:31.804833Z","level":"info","event":"Filling up the DagBag from /opt/airflow/dags/connection_and_hook.py","logger":"airflow.models.dagbag.DagBag","filename":"dagbag.py","lineno":593}
{"timestamp":"2025-10-02T08:19:02.512244Z","level":"info","event":"Filling up the DagBag from /opt/airflow/dags/connection_and_hook.py","logger":"airflow.models.dagbag.DagBag","filename":"dagbag.py","lineno":593}
{"timestamp":"2025-10-02T08:19:33.023335Z","level":"info","event":"Filling up the DagBag from /opt/airflow/dags/connection_and_hook.py","logger":"airflow.models.dagbag.DagBag","filename":"dagbag.py","lineno":593}
{"timestamp":"2025-10-02T08:20:03.551826Z","level":"info","event":"Filling up the DagBag from /opt/airflow/dags/connection_and_hook.py","logger":"airflow.models.dagbag.DagBag","filename":"dagbag.py","lineno":593}
{"timestamp":"2025-10-02T08:20:34.094019Z","level":"info","event":"Filling up the DagBag from /opt/airflow/dags/connection_and_hook.py","logger":"airflow.models.dagbag.DagBag","filename":"dagbag.py","lineno":593}
{"timestamp":"2025-10-02T08:21:04.607472Z","level":"info","event":"Filling up the DagBag from /opt/airflow/dags/connection_and_hook.py","logger":"airflow.models.dagbag.DagBag","filename":"dagbag.py","lineno":593}
{"timestamp":"2025-10-02T08:21:35.128735Z","level":"info","event":"Filling up the DagBag from /opt/airflow/dags/connection_and_hook.py","logger":"airflow.models.dagbag.DagBag","filename":"dagbag.py","lineno":593}
{"timestamp":"2025-10-02T08:22:05.664216Z","level":"info","event":"Filling up the DagBag from /opt/airflow/dags/connection_and_hook.py","logger":"airflow.models.dagbag.DagBag","filename":"dagbag.py","lineno":593}
{"timestamp":"2025-10-02T08:22:36.185039Z","level":"info","event":"Filling up the DagBag from /opt/airflow/dags/connection_and_hook.py","logger":"airflow.models.dagbag.DagBag","filename":"dagbag.py","lineno":593}
{"timestamp":"2025-10-02T08:23:06.723026Z","level":"info","event":"Filling up the DagBag from /opt/airflow/dags/connection_and_hook.py","logger":"airflow.models.dagbag.DagBag","filename":"dagbag.py","lineno":593}
{"timestamp":"2025-10-02T08:23:37.250786Z","level":"info","event":"Filling up the DagBag from /opt/airflow/dags/connection_and_hook.py","logger":"airflow.models.dagbag.DagBag","filename":"dagbag.py","lineno":593}
{"timestamp":"2025-10-02T08:24:07.759819Z","level":"info","event":"Filling up the DagBag from /opt/airflow/dags/connection_and_hook.py","logger":"airflow.models.dagbag.DagBag","filename":"dagbag.py","lineno":593}
{"timestamp":"2025-10-02T08:24:38.292103Z","level":"info","event":"Filling up the DagBag from /opt/airflow/dags/connection_and_hook.py","logger":"airflow.models.dagbag.DagBag","filename":"dagbag.py","lineno":593}
{"timestamp":"2025-10-02T08:25:08.842262Z","level":"info","event":"Filling up the DagBag from /opt/airflow/dags/connection_and_hook.py","logger":"airflow.models.dagbag.DagBag","filename":"dagbag.py","lineno":593}
{"timestamp":"2025-10-02T08:25:39.401444Z","level":"info","event":"Filling up the DagBag from /opt/airflow/dags/connection_and_hook.py","logger":"airflow.models.dagbag.DagBag","filename":"dagbag.py","lineno":593}
{"timestamp":"2025-10-02T08:26:09.960501Z","level":"info","event":"Filling up the DagBag from /opt/airflow/dags/connection_and_hook.py","logger":"airflow.models.dagbag.DagBag","filename":"dagbag.py","lineno":593}
{"timestamp":"2025-10-02T08:26:40.525442Z","level":"info","event":"Filling up the DagBag from /opt/airflow/dags/connection_and_hook.py","logger":"airflow.models.dagbag.DagBag","filename":"dagbag.py","lineno":593}
{"timestamp":"2025-10-02T08:27:11.057313Z","level":"info","event":"Filling up the DagBag from /opt/airflow/dags/connection_and_hook.py","logger":"airflow.models.dagbag.DagBag","filename":"dagbag.py","lineno":593}
{"timestamp":"2025-10-02T08:27:41.589439Z","level":"info","event":"Filling up the DagBag from /opt/airflow/dags/connection_and_hook.py","logger":"airflow.models.dagbag.DagBag","filename":"dagbag.py","lineno":593}
{"timestamp":"2025-10-02T08:28:12.111442Z","level":"info","event":"Filling up the DagBag from /opt/airflow/dags/connection_and_hook.py","logger":"airflow.models.dagbag.DagBag","filename":"dagbag.py","lineno":593}
{"timestamp":"2025-10-02T08:28:42.587136Z","level":"info","event":"Filling up the DagBag from /opt/airflow/dags/connection_and_hook.py","logger":"airflow.models.dagbag.DagBag","filename":"dagbag.py","lineno":593}
{"timestamp":"2025-10-02T08:29:13.121786Z","level":"info","event":"Filling up the DagBag from /opt/airflow/dags/connection_and_hook.py","logger":"airflow.models.dagbag.DagBag","filename":"dagbag.py","lineno":593}
{"timestamp":"2025-10-02T08:29:43.648452Z","level":"info","event":"Filling up the DagBag from /opt/airflow/dags/connection_and_hook.py","logger":"airflow.models.dagbag.DagBag","filename":"dagbag.py","lineno":593}
{"timestamp":"2025-10-02T08:30:14.192258Z","level":"info","event":"Filling up the DagBag from /opt/airflow/dags/connection_and_hook.py","logger":"airflow.models.dagbag.DagBag","filename":"dagbag.py","lineno":593}
{"timestamp":"2025-10-02T08:30:44.712137Z","level":"info","event":"Filling up the DagBag from /opt/airflow/dags/connection_and_hook.py","logger":"airflow.models.dagbag.DagBag","filename":"dagbag.py","lineno":593}
{"timestamp":"2025-10-02T08:31:15.259362Z","level":"info","event":"Filling up the DagBag from /opt/airflow/dags/connection_and_hook.py","logger":"airflow.models.dagbag.DagBag","filename":"dagbag.py","lineno":593}
{"timestamp":"2025-10-02T08:31:45.743603Z","level":"info","event":"Filling up the DagBag from /opt/airflow/dags/connection_and_hook.py","logger":"airflow.models.dagbag.DagBag","filename":"dagbag.py","lineno":593}
{"timestamp":"2025-10-02T08:32:16.264657Z","level":"info","event":"Filling up the DagBag from /opt/airflow/dags/connection_and_hook.py","logger":"airflow.models.dagbag.DagBag","filename":"dagbag.py","lineno":593}
{"timestamp":"2025-10-02T08:32:46.782844Z","level":"info","event":"Filling up the DagBag from /opt/airflow/dags/connection_and_hook.py","logger":"airflow.models.dagbag.DagBag","filename":"dagbag.py","lineno":593}
{"timestamp":"2025-10-02T08:33:17.305864Z","level":"info","event":"Filling up the DagBag from /opt/airflow/dags/connection_and_hook.py","logger":"airflow.models.dagbag.DagBag","filename":"dagbag.py","lineno":593}
{"timestamp":"2025-10-02T08:33:47.828126Z","level":"info","event":"Filling up the DagBag from /opt/airflow/dags/connection_and_hook.py","logger":"airflow.models.dagbag.DagBag","filename":"dagbag.py","lineno":593}
{"timestamp":"2025-10-02T08:34:18.340966Z","level":"info","event":"Filling up the DagBag from /opt/airflow/dags/connection_and_hook.py","logger":"airflow.models.dagbag.DagBag","filename":"dagbag.py","lineno":593}
{"timestamp":"2025-10-02T08:34:48.856752Z","level":"info","event":"Filling up the DagBag from /opt/airflow/dags/connection_and_hook.py","logger":"airflow.models.dagbag.DagBag","filename":"dagbag.py","lineno":593}
{"timestamp":"2025-10-02T08:35:19.386847Z","level":"info","event":"Filling up the DagBag from /opt/airflow/dags/connection_and_hook.py","logger":"airflow.models.dagbag.DagBag","filename":"dagbag.py","lineno":593}
{"timestamp":"2025-10-02T08:35:49.937760Z","level":"info","event":"Filling up the DagBag from /opt/airflow/dags/connection_and_hook.py","logger":"airflow.models.dagbag.DagBag","filename":"dagbag.py","lineno":593}
{"timestamp":"2025-10-02T08:36:20.451160Z","level":"info","event":"Filling up the DagBag from /opt/airflow/dags/connection_and_hook.py","logger":"airflow.models.dagbag.DagBag","filename":"dagbag.py","lineno":593}
{"timestamp":"2025-10-02T08:36:50.973832Z","level":"info","event":"Filling up the DagBag from /opt/airflow/dags/connection_and_hook.py","logger":"airflow.models.dagbag.DagBag","filename":"dagbag.py","lineno":593}
{"timestamp":"2025-10-02T08:37:21.504592Z","level":"info","event":"Filling up the DagBag from /opt/airflow/dags/connection_and_hook.py","logger":"airflow.models.dagbag.DagBag","filename":"dagbag.py","lineno":593}
{"timestamp":"2025-10-02T08:37:52.002003Z","level":"info","event":"Filling up the DagBag from /opt/airflow/dags/connection_and_hook.py","logger":"airflow.models.dagbag.DagBag","filename":"dagbag.py","lineno":593}
{"timestamp":"2025-10-02T08:38:22.500612Z","level":"info","event":"Filling up the DagBag from /opt/airflow/dags/connection_and_hook.py","logger":"airflow.models.dagbag.DagBag","filename":"dagbag.py","lineno":593}
{"timestamp":"2025-10-02T08:38:53.045447Z","level":"info","event":"Filling up the DagBag from /opt/airflow/dags/connection_and_hook.py","logger":"airflow.models.dagbag.DagBag","filename":"dagbag.py","lineno":593}
{"timestamp":"2025-10-02T08:39:23.556872Z","level":"info","event":"Filling up the DagBag from /opt/airflow/dags/connection_and_hook.py","logger":"airflow.models.dagbag.DagBag","filename":"dagbag.py","lineno":593}
{"timestamp":"2025-10-02T08:39:54.057926Z","level":"info","event":"Filling up the DagBag from /opt/airflow/dags/connection_and_hook.py","logger":"airflow.models.dagbag.DagBag","filename":"dagbag.py","lineno":593}
{"timestamp":"2025-10-02T08:40:24.576437Z","level":"info","event":"Filling up the DagBag from /opt/airflow/dags/connection_and_hook.py","logger":"airflow.models.dagbag.DagBag","filename":"dagbag.py","lineno":593}
{"timestamp":"2025-10-02T08:40:55.091761Z","level":"info","event":"Filling up the DagBag from /opt/airflow/dags/connection_and_hook.py","logger":"airflow.models.dagbag.DagBag","filename":"dagbag.py","lineno":593}
{"timestamp":"2025-10-02T08:41:25.591453Z","level":"info","event":"Filling up the DagBag from /opt/airflow/dags/connection_and_hook.py","logger":"airflow.models.dagbag.DagBag","filename":"dagbag.py","lineno":593}
{"timestamp":"2025-10-02T08:41:56.117035Z","level":"info","event":"Filling up the DagBag from /opt/airflow/dags/connection_and_hook.py","logger":"airflow.models.dagbag.DagBag","filename":"dagbag.py","lineno":593}
{"timestamp":"2025-10-02T08:42:26.649701Z","level":"info","event":"Filling up the DagBag from /opt/airflow/dags/connection_and_hook.py","logger":"airflow.models.dagbag.DagBag","filename":"dagbag.py","lineno":593}
{"timestamp":"2025-10-02T08:42:57.146331Z","level":"info","event":"Filling up the DagBag from /opt/airflow/dags/connection_and_hook.py","logger":"airflow.models.dagbag.DagBag","filename":"dagbag.py","lineno":593}
{"timestamp":"2025-10-02T08:43:27.664250Z","level":"info","event":"Filling up the DagBag from /opt/airflow/dags/connection_and_hook.py","logger":"airflow.models.dagbag.DagBag","filename":"dagbag.py","lineno":593}
{"timestamp":"2025-10-02T08:43:58.171411Z","level":"info","event":"Filling up the DagBag from /opt/airflow/dags/connection_and_hook.py","logger":"airflow.models.dagbag.DagBag","filename":"dagbag.py","lineno":593}
{"timestamp":"2025-10-02T08:44:28.718333Z","level":"info","event":"Filling up the DagBag from /opt/airflow/dags/connection_and_hook.py","logger":"airflow.models.dagbag.DagBag","filename":"dagbag.py","lineno":593}
{"timestamp":"2025-10-02T08:44:59.225960Z","level":"info","event":"Filling up the DagBag from /opt/airflow/dags/connection_and_hook.py","logger":"airflow.models.dagbag.DagBag","filename":"dagbag.py","lineno":593}
{"timestamp":"2025-10-02T08:45:29.756380Z","level":"info","event":"Filling up the DagBag from /opt/airflow/dags/connection_and_hook.py","logger":"airflow.models.dagbag.DagBag","filename":"dagbag.py","lineno":593}
{"timestamp":"2025-10-02T08:46:00.227903Z","level":"info","event":"Filling up the DagBag from /opt/airflow/dags/connection_and_hook.py","logger":"airflow.models.dagbag.DagBag","filename":"dagbag.py","lineno":593}
{"timestamp":"2025-10-02T08:46:30.748927Z","level":"info","event":"Filling up the DagBag from /opt/airflow/dags/connection_and_hook.py","logger":"airflow.models.dagbag.DagBag","filename":"dagbag.py","lineno":593}
{"timestamp":"2025-10-02T08:47:01.323547Z","level":"info","event":"Filling up the DagBag from /opt/airflow/dags/connection_and_hook.py","logger":"airflow.models.dagbag.DagBag","filename":"dagbag.py","lineno":593}
{"timestamp":"2025-10-02T08:47:31.891019Z","level":"info","event":"Filling up the DagBag from /opt/airflow/dags/connection_and_hook.py","logger":"airflow.models.dagbag.DagBag","filename":"dagbag.py","lineno":593}
{"timestamp":"2025-10-02T08:48:02.405914Z","level":"info","event":"Filling up the DagBag from /opt/airflow/dags/connection_and_hook.py","logger":"airflow.models.dagbag.DagBag","filename":"dagbag.py","lineno":593}
{"timestamp":"2025-10-02T08:48:32.951068Z","level":"info","event":"Filling up the DagBag from /opt/airflow/dags/connection_and_hook.py","logger":"airflow.models.dagbag.DagBag","filename":"dagbag.py","lineno":593}
{"timestamp":"2025-10-02T08:49:03.521435Z","level":"info","event":"Filling up the DagBag from /opt/airflow/dags/connection_and_hook.py","logger":"airflow.models.dagbag.DagBag","filename":"dagbag.py","lineno":593}
{"timestamp":"2025-10-02T08:49:34.062193Z","level":"info","event":"Filling up the DagBag from /opt/airflow/dags/connection_and_hook.py","logger":"airflow.models.dagbag.DagBag","filename":"dagbag.py","lineno":593}
{"timestamp":"2025-10-02T08:50:04.628261Z","level":"info","event":"Filling up the DagBag from /opt/airflow/dags/connection_and_hook.py","logger":"airflow.models.dagbag.DagBag","filename":"dagbag.py","lineno":593}
{"timestamp":"2025-10-02T08:50:35.187178Z","level":"info","event":"Filling up the DagBag from /opt/airflow/dags/connection_and_hook.py","logger":"airflow.models.dagbag.DagBag","filename":"dagbag.py","lineno":593}
{"timestamp":"2025-10-02T08:51:05.749798Z","level":"info","event":"Filling up the DagBag from /opt/airflow/dags/connection_and_hook.py","logger":"airflow.models.dagbag.DagBag","filename":"dagbag.py","lineno":593}
{"timestamp":"2025-10-02T08:51:36.299363Z","level":"info","event":"Filling up the DagBag from /opt/airflow/dags/connection_and_hook.py","logger":"airflow.models.dagbag.DagBag","filename":"dagbag.py","lineno":593}
{"timestamp":"2025-10-02T08:52:06.884904Z","level":"info","event":"Filling up the DagBag from /opt/airflow/dags/connection_and_hook.py","logger":"airflow.models.dagbag.DagBag","filename":"dagbag.py","lineno":593}
{"timestamp":"2025-10-02T08:52:37.442330Z","level":"info","event":"Filling up the DagBag from /opt/airflow/dags/connection_and_hook.py","logger":"airflow.models.dagbag.DagBag","filename":"dagbag.py","lineno":593}
{"timestamp":"2025-10-02T08:53:08.016788Z","level":"info","event":"Filling up the DagBag from /opt/airflow/dags/connection_and_hook.py","logger":"airflow.models.dagbag.DagBag","filename":"dagbag.py","lineno":593}
{"timestamp":"2025-10-02T08:53:38.577574Z","level":"info","event":"Filling up the DagBag from /opt/airflow/dags/connection_and_hook.py","logger":"airflow.models.dagbag.DagBag","filename":"dagbag.py","lineno":593}
{"timestamp":"2025-10-02T08:54:09.168494Z","level":"info","event":"Filling up the DagBag from /opt/airflow/dags/connection_and_hook.py","logger":"airflow.models.dagbag.DagBag","filename":"dagbag.py","lineno":593}
{"timestamp":"2025-10-02T08:54:39.753376Z","level":"info","event":"Filling up the DagBag from /opt/airflow/dags/connection_and_hook.py","logger":"airflow.models.dagbag.DagBag","filename":"dagbag.py","lineno":593}
{"timestamp":"2025-10-02T08:55:10.325860Z","level":"info","event":"Filling up the DagBag from /opt/airflow/dags/connection_and_hook.py","logger":"airflow.models.dagbag.DagBag","filename":"dagbag.py","lineno":593}
{"timestamp":"2025-10-02T08:55:40.890503Z","level":"info","event":"Filling up the DagBag from /opt/airflow/dags/connection_and_hook.py","logger":"airflow.models.dagbag.DagBag","filename":"dagbag.py","lineno":593}
{"timestamp":"2025-10-02T08:56:11.421989Z","level":"info","event":"Filling up the DagBag from /opt/airflow/dags/connection_and_hook.py","logger":"airflow.models.dagbag.DagBag","filename":"dagbag.py","lineno":593}
{"timestamp":"2025-10-02T08:56:41.993839Z","level":"info","event":"Filling up the DagBag from /opt/airflow/dags/connection_and_hook.py","logger":"airflow.models.dagbag.DagBag","filename":"dagbag.py","lineno":593}
{"timestamp":"2025-10-02T08:57:12.554555Z","level":"info","event":"Filling up the DagBag from /opt/airflow/dags/connection_and_hook.py","logger":"airflow.models.dagbag.DagBag","filename":"dagbag.py","lineno":593}
{"timestamp":"2025-10-02T08:57:43.128797Z","level":"info","event":"Filling up the DagBag from /opt/airflow/dags/connection_and_hook.py","logger":"airflow.models.dagbag.DagBag","filename":"dagbag.py","lineno":593}
{"timestamp":"2025-10-02T08:58:13.685377Z","level":"info","event":"Filling up the DagBag from /opt/airflow/dags/connection_and_hook.py","logger":"airflow.models.dagbag.DagBag","filename":"dagbag.py","lineno":593}
{"timestamp":"2025-10-02T08:58:44.244603Z","level":"info","event":"Filling up the DagBag from /opt/airflow/dags/connection_and_hook.py","logger":"airflow.models.dagbag.DagBag","filename":"dagbag.py","lineno":593}
{"timestamp":"2025-10-02T08:59:14.804732Z","level":"info","event":"Filling up the DagBag from /opt/airflow/dags/connection_and_hook.py","logger":"airflow.models.dagbag.DagBag","filename":"dagbag.py","lineno":593}
{"timestamp":"2025-10-02T08:59:45.380290Z","level":"info","event":"Filling up the DagBag from /opt/airflow/dags/connection_and_hook.py","logger":"airflow.models.dagbag.DagBag","filename":"dagbag.py","lineno":593}
{"timestamp":"2025-10-02T09:00:15.935612Z","level":"info","event":"Filling up the DagBag from /opt/airflow/dags/connection_and_hook.py","logger":"airflow.models.dagbag.DagBag","filename":"dagbag.py","lineno":593}
{"timestamp":"2025-10-02T09:00:46.505318Z","level":"info","event":"Filling up the DagBag from /opt/airflow/dags/connection_and_hook.py","logger":"airflow.models.dagbag.DagBag","filename":"dagbag.py","lineno":593}
{"timestamp":"2025-10-02T09:01:17.075100Z","level":"info","event":"Filling up the DagBag from /opt/airflow/dags/connection_and_hook.py","logger":"airflow.models.dagbag.DagBag","filename":"dagbag.py","lineno":593}
{"timestamp":"2025-10-02T09:01:47.617256Z","level":"info","event":"Filling up the DagBag from /opt/airflow/dags/connection_and_hook.py","logger":"airflow.models.dagbag.DagBag","filename":"dagbag.py","lineno":593}
{"timestamp":"2025-10-02T09:02:18.225429Z","level":"info","event":"Filling up the DagBag from /opt/airflow/dags/connection_and_hook.py","logger":"airflow.models.dagbag.DagBag","filename":"dagbag.py","lineno":593}
{"timestamp":"2025-10-02T09:02:48.816488Z","level":"info","event":"Filling up the DagBag from /opt/airflow/dags/connection_and_hook.py","logger":"airflow.models.dagbag.DagBag","filename":"dagbag.py","lineno":593}
{"timestamp":"2025-10-02T09:03:19.480705Z","level":"info","event":"Filling up the DagBag from /opt/airflow/dags/connection_and_hook.py","logger":"airflow.models.dagbag.DagBag","filename":"dagbag.py","lineno":593}
{"timestamp":"2025-10-02T09:03:50.266823Z","level":"info","event":"Filling up the DagBag from /opt/airflow/dags/connection_and_hook.py","logger":"airflow.models.dagbag.DagBag","filename":"dagbag.py","lineno":593}
{"timestamp":"2025-10-02T09:04:20.880591Z","level":"info","event":"Filling up the DagBag from /opt/airflow/dags/connection_and_hook.py","logger":"airflow.models.dagbag.DagBag","filename":"dagbag.py","lineno":593}
{"timestamp":"2025-10-02T09:04:51.482752Z","level":"info","event":"Filling up the DagBag from /opt/airflow/dags/connection_and_hook.py","logger":"airflow.models.dagbag.DagBag","filename":"dagbag.py","lineno":593}
{"timestamp":"2025-10-02T09:05:22.082323Z","level":"info","event":"Filling up the DagBag from /opt/airflow/dags/connection_and_hook.py","logger":"airflow.models.dagbag.DagBag","filename":"dagbag.py","lineno":593}
{"timestamp":"2025-10-02T09:05:52.716368Z","level":"info","event":"Filling up the DagBag from /opt/airflow/dags/connection_and_hook.py","logger":"airflow.models.dagbag.DagBag","filename":"dagbag.py","lineno":593}
{"timestamp":"2025-10-02T09:06:23.485058Z","level":"info","event":"Filling up the DagBag from /opt/airflow/dags/connection_and_hook.py","logger":"airflow.models.dagbag.DagBag","filename":"dagbag.py","lineno":593}
{"timestamp":"2025-10-02T09:06:54.109739Z","level":"info","event":"Filling up the DagBag from /opt/airflow/dags/connection_and_hook.py","logger":"airflow.models.dagbag.DagBag","filename":"dagbag.py","lineno":593}
{"timestamp":"2025-10-02T09:07:24.727460Z","level":"info","event":"Filling up the DagBag from /opt/airflow/dags/connection_and_hook.py","logger":"airflow.models.dagbag.DagBag","filename":"dagbag.py","lineno":593}
{"timestamp":"2025-10-02T09:07:55.314759Z","level":"info","event":"Filling up the DagBag from /opt/airflow/dags/connection_and_hook.py","logger":"airflow.models.dagbag.DagBag","filename":"dagbag.py","lineno":593}
{"timestamp":"2025-10-02T09:08:25.932182Z","level":"info","event":"Filling up the DagBag from /opt/airflow/dags/connection_and_hook.py","logger":"airflow.models.dagbag.DagBag","filename":"dagbag.py","lineno":593}
{"timestamp":"2025-10-02T09:08:56.603209Z","level":"info","event":"Filling up the DagBag from /opt/airflow/dags/connection_and_hook.py","logger":"airflow.models.dagbag.DagBag","filename":"dagbag.py","lineno":593}
{"timestamp":"2025-10-02T09:09:27.434690Z","level":"info","event":"Filling up the DagBag from /opt/airflow/dags/connection_and_hook.py","logger":"airflow.models.dagbag.DagBag","filename":"dagbag.py","lineno":593}
{"timestamp":"2025-10-02T09:09:58.261834Z","level":"info","event":"Filling up the DagBag from /opt/airflow/dags/connection_and_hook.py","logger":"airflow.models.dagbag.DagBag","filename":"dagbag.py","lineno":593}
{"timestamp":"2025-10-02T09:10:28.907250Z","level":"info","event":"Filling up the DagBag from /opt/airflow/dags/connection_and_hook.py","logger":"airflow.models.dagbag.DagBag","filename":"dagbag.py","lineno":593}
{"timestamp":"2025-10-02T09:10:59.501257Z","level":"info","event":"Filling up the DagBag from /opt/airflow/dags/connection_and_hook.py","logger":"airflow.models.dagbag.DagBag","filename":"dagbag.py","lineno":593}
{"timestamp":"2025-10-02T09:11:30.179116Z","level":"info","event":"Filling up the DagBag from /opt/airflow/dags/connection_and_hook.py","logger":"airflow.models.dagbag.DagBag","filename":"dagbag.py","lineno":593}
{"timestamp":"2025-10-02T09:12:01.014167Z","level":"info","event":"Filling up the DagBag from /opt/airflow/dags/connection_and_hook.py","logger":"airflow.models.dagbag.DagBag","filename":"dagbag.py","lineno":593}
{"timestamp":"2025-10-02T09:12:31.698982Z","level":"info","event":"Filling up the DagBag from /opt/airflow/dags/connection_and_hook.py","logger":"airflow.models.dagbag.DagBag","filename":"dagbag.py","lineno":593}
{"timestamp":"2025-10-02T09:13:02.394230Z","level":"info","event":"Filling up the DagBag from /opt/airflow/dags/connection_and_hook.py","logger":"airflow.models.dagbag.DagBag","filename":"dagbag.py","lineno":593}
{"timestamp":"2025-10-02T09:13:32.971950Z","level":"info","event":"Filling up the DagBag from /opt/airflow/dags/connection_and_hook.py","logger":"airflow.models.dagbag.DagBag","filename":"dagbag.py","lineno":593}
{"timestamp":"2025-10-02T09:14:03.575909Z","level":"info","event":"Filling up the DagBag from /opt/airflow/dags/connection_and_hook.py","logger":"airflow.models.dagbag.DagBag","filename":"dagbag.py","lineno":593}
{"timestamp":"2025-10-02T09:14:34.180686Z","level":"info","event":"Filling up the DagBag from /opt/airflow/dags/connection_and_hook.py","logger":"airflow.models.dagbag.DagBag","filename":"dagbag.py","lineno":593}
{"timestamp":"2025-10-02T09:15:04.777877Z","level":"info","event":"Filling up the DagBag from /opt/airflow/dags/connection_and_hook.py","logger":"airflow.models.dagbag.DagBag","filename":"dagbag.py","lineno":593}
{"timestamp":"2025-10-02T09:15:35.357232Z","level":"info","event":"Filling up the DagBag from /opt/airflow/dags/connection_and_hook.py","logger":"airflow.models.dagbag.DagBag","filename":"dagbag.py","lineno":593}
{"timestamp":"2025-10-02T09:16:06.010140Z","level":"info","event":"Filling up the DagBag from /opt/airflow/dags/connection_and_hook.py","logger":"airflow.models.dagbag.DagBag","filename":"dagbag.py","lineno":593}
{"timestamp":"2025-10-02T09:16:36.608080Z","level":"info","event":"Filling up the DagBag from /opt/airflow/dags/connection_and_hook.py","logger":"airflow.models.dagbag.DagBag","filename":"dagbag.py","lineno":593}
{"timestamp":"2025-10-02T09:17:07.234603Z","level":"info","event":"Filling up the DagBag from /opt/airflow/dags/connection_and_hook.py","logger":"airflow.models.dagbag.DagBag","filename":"dagbag.py","lineno":593}
{"timestamp":"2025-10-02T09:17:37.846742Z","level":"info","event":"Filling up the DagBag from /opt/airflow/dags/connection_and_hook.py","logger":"airflow.models.dagbag.DagBag","filename":"dagbag.py","lineno":593}
{"timestamp":"2025-10-02T09:18:08.416029Z","level":"info","event":"Filling up the DagBag from /opt/airflow/dags/connection_and_hook.py","logger":"airflow.models.dagbag.DagBag","filename":"dagbag.py","lineno":593}
{"timestamp":"2025-10-02T09:18:39.008790Z","level":"info","event":"Filling up the DagBag from /opt/airflow/dags/connection_and_hook.py","logger":"airflow.models.dagbag.DagBag","filename":"dagbag.py","lineno":593}
{"timestamp":"2025-10-02T09:19:09.612654Z","level":"info","event":"Filling up the DagBag from /opt/airflow/dags/connection_and_hook.py","logger":"airflow.models.dagbag.DagBag","filename":"dagbag.py","lineno":593}
{"timestamp":"2025-10-02T09:19:40.216385Z","level":"info","event":"Filling up the DagBag from /opt/airflow/dags/connection_and_hook.py","logger":"airflow.models.dagbag.DagBag","filename":"dagbag.py","lineno":593}
{"timestamp":"2025-10-02T09:20:10.851882Z","level":"info","event":"Filling up the DagBag from /opt/airflow/dags/connection_and_hook.py","logger":"airflow.models.dagbag.DagBag","filename":"dagbag.py","lineno":593}
{"timestamp":"2025-10-02T09:20:41.463342Z","level":"info","event":"Filling up the DagBag from /opt/airflow/dags/connection_and_hook.py","logger":"airflow.models.dagbag.DagBag","filename":"dagbag.py","lineno":593}
{"timestamp":"2025-10-02T09:21:12.071944Z","level":"info","event":"Filling up the DagBag from /opt/airflow/dags/connection_and_hook.py","logger":"airflow.models.dagbag.DagBag","filename":"dagbag.py","lineno":593}
{"timestamp":"2025-10-02T09:21:42.647128Z","level":"info","event":"Filling up the DagBag from /opt/airflow/dags/connection_and_hook.py","logger":"airflow.models.dagbag.DagBag","filename":"dagbag.py","lineno":593}
{"timestamp":"2025-10-02T09:22:13.227728Z","level":"info","event":"Filling up the DagBag from /opt/airflow/dags/connection_and_hook.py","logger":"airflow.models.dagbag.DagBag","filename":"dagbag.py","lineno":593}
{"timestamp":"2025-10-02T09:22:43.816763Z","level":"info","event":"Filling up the DagBag from /opt/airflow/dags/connection_and_hook.py","logger":"airflow.models.dagbag.DagBag","filename":"dagbag.py","lineno":593}
{"timestamp":"2025-10-02T09:23:14.426941Z","level":"info","event":"Filling up the DagBag from /opt/airflow/dags/connection_and_hook.py","logger":"airflow.models.dagbag.DagBag","filename":"dagbag.py","lineno":593}
{"timestamp":"2025-10-02T09:23:45.043218Z","level":"info","event":"Filling up the DagBag from /opt/airflow/dags/connection_and_hook.py","logger":"airflow.models.dagbag.DagBag","filename":"dagbag.py","lineno":593}
{"timestamp":"2025-10-02T09:24:15.633965Z","level":"info","event":"Filling up the DagBag from /opt/airflow/dags/connection_and_hook.py","logger":"airflow.models.dagbag.DagBag","filename":"dagbag.py","lineno":593}
{"timestamp":"2025-10-02T09:24:46.229962Z","level":"info","event":"Filling up the DagBag from /opt/airflow/dags/connection_and_hook.py","logger":"airflow.models.dagbag.DagBag","filename":"dagbag.py","lineno":593}
{"timestamp":"2025-10-02T09:25:16.797745Z","level":"info","event":"Filling up the DagBag from /opt/airflow/dags/connection_and_hook.py","logger":"airflow.models.dagbag.DagBag","filename":"dagbag.py","lineno":593}
{"timestamp":"2025-10-02T09:25:47.404679Z","level":"info","event":"Filling up the DagBag from /opt/airflow/dags/connection_and_hook.py","logger":"airflow.models.dagbag.DagBag","filename":"dagbag.py","lineno":593}
{"timestamp":"2025-10-02T09:26:18.006679Z","level":"info","event":"Filling up the DagBag from /opt/airflow/dags/connection_and_hook.py","logger":"airflow.models.dagbag.DagBag","filename":"dagbag.py","lineno":593}
{"timestamp":"2025-10-02T09:26:48.631187Z","level":"info","event":"Filling up the DagBag from /opt/airflow/dags/connection_and_hook.py","logger":"airflow.models.dagbag.DagBag","filename":"dagbag.py","lineno":593}
{"timestamp":"2025-10-02T09:27:19.249042Z","level":"info","event":"Filling up the DagBag from /opt/airflow/dags/connection_and_hook.py","logger":"airflow.models.dagbag.DagBag","filename":"dagbag.py","lineno":593}
{"timestamp":"2025-10-02T09:27:49.837383Z","level":"info","event":"Filling up the DagBag from /opt/airflow/dags/connection_and_hook.py","logger":"airflow.models.dagbag.DagBag","filename":"dagbag.py","lineno":593}
{"timestamp":"2025-10-02T09:28:20.441943Z","level":"info","event":"Filling up the DagBag from /opt/airflow/dags/connection_and_hook.py","logger":"airflow.models.dagbag.DagBag","filename":"dagbag.py","lineno":593}
{"timestamp":"2025-10-02T09:28:51.047380Z","level":"info","event":"Filling up the DagBag from /opt/airflow/dags/connection_and_hook.py","logger":"airflow.models.dagbag.DagBag","filename":"dagbag.py","lineno":593}
{"timestamp":"2025-10-02T09:29:21.671060Z","level":"info","event":"Filling up the DagBag from /opt/airflow/dags/connection_and_hook.py","logger":"airflow.models.dagbag.DagBag","filename":"dagbag.py","lineno":593}
{"timestamp":"2025-10-02T09:29:52.272067Z","level":"info","event":"Filling up the DagBag from /opt/airflow/dags/connection_and_hook.py","logger":"airflow.models.dagbag.DagBag","filename":"dagbag.py","lineno":593}
{"timestamp":"2025-10-02T09:30:22.859833Z","level":"info","event":"Filling up the DagBag from /opt/airflow/dags/connection_and_hook.py","logger":"airflow.models.dagbag.DagBag","filename":"dagbag.py","lineno":593}
{"timestamp":"2025-10-02T09:30:53.458948Z","level":"info","event":"Filling up the DagBag from /opt/airflow/dags/connection_and_hook.py","logger":"airflow.models.dagbag.DagBag","filename":"dagbag.py","lineno":593}
{"timestamp":"2025-10-02T09:31:24.081956Z","level":"info","event":"Filling up the DagBag from /opt/airflow/dags/connection_and_hook.py","logger":"airflow.models.dagbag.DagBag","filename":"dagbag.py","lineno":593}
{"timestamp":"2025-10-02T09:31:54.692194Z","level":"info","event":"Filling up the DagBag from /opt/airflow/dags/connection_and_hook.py","logger":"airflow.models.dagbag.DagBag","filename":"dagbag.py","lineno":593}
{"timestamp":"2025-10-02T09:32:25.318102Z","level":"info","event":"Filling up the DagBag from /opt/airflow/dags/connection_and_hook.py","logger":"airflow.models.dagbag.DagBag","filename":"dagbag.py","lineno":593}
{"timestamp":"2025-10-02T09:32:55.926784Z","level":"info","event":"Filling up the DagBag from /opt/airflow/dags/connection_and_hook.py","logger":"airflow.models.dagbag.DagBag","filename":"dagbag.py","lineno":593}
{"timestamp":"2025-10-02T09:33:26.560190Z","level":"info","event":"Filling up the DagBag from /opt/airflow/dags/connection_and_hook.py","logger":"airflow.models.dagbag.DagBag","filename":"dagbag.py","lineno":593}
{"timestamp":"2025-10-02T09:33:57.135017Z","level":"info","event":"Filling up the DagBag from /opt/airflow/dags/connection_and_hook.py","logger":"airflow.models.dagbag.DagBag","filename":"dagbag.py","lineno":593}
{"timestamp":"2025-10-02T09:34:27.764923Z","level":"info","event":"Filling up the DagBag from /opt/airflow/dags/connection_and_hook.py","logger":"airflow.models.dagbag.DagBag","filename":"dagbag.py","lineno":593}
{"timestamp":"2025-10-02T09:34:58.374870Z","level":"info","event":"Filling up the DagBag from /opt/airflow/dags/connection_and_hook.py","logger":"airflow.models.dagbag.DagBag","filename":"dagbag.py","lineno":593}
{"timestamp":"2025-10-02T09:35:28.976777Z","level":"info","event":"Filling up the DagBag from /opt/airflow/dags/connection_and_hook.py","logger":"airflow.models.dagbag.DagBag","filename":"dagbag.py","lineno":593}
{"timestamp":"2025-10-02T09:35:59.561810Z","level":"info","event":"Filling up the DagBag from /opt/airflow/dags/connection_and_hook.py","logger":"airflow.models.dagbag.DagBag","filename":"dagbag.py","lineno":593}
{"timestamp":"2025-10-02T09:36:30.139987Z","level":"info","event":"Filling up the DagBag from /opt/airflow/dags/connection_and_hook.py","logger":"airflow.models.dagbag.DagBag","filename":"dagbag.py","lineno":593}
{"timestamp":"2025-10-02T09:37:00.756517Z","level":"info","event":"Filling up the DagBag from /opt/airflow/dags/connection_and_hook.py","logger":"airflow.models.dagbag.DagBag","filename":"dagbag.py","lineno":593}
{"timestamp":"2025-10-02T09:37:31.386921Z","level":"info","event":"Filling up the DagBag from /opt/airflow/dags/connection_and_hook.py","logger":"airflow.models.dagbag.DagBag","filename":"dagbag.py","lineno":593}
{"timestamp":"2025-10-02T09:38:02.018116Z","level":"info","event":"Filling up the DagBag from /opt/airflow/dags/connection_and_hook.py","logger":"airflow.models.dagbag.DagBag","filename":"dagbag.py","lineno":593}
{"timestamp":"2025-10-02T09:38:32.617157Z","level":"info","event":"Filling up the DagBag from /opt/airflow/dags/connection_and_hook.py","logger":"airflow.models.dagbag.DagBag","filename":"dagbag.py","lineno":593}
{"timestamp":"2025-10-02T09:39:03.210361Z","level":"info","event":"Filling up the DagBag from /opt/airflow/dags/connection_and_hook.py","logger":"airflow.models.dagbag.DagBag","filename":"dagbag.py","lineno":593}
{"timestamp":"2025-10-02T09:39:33.785052Z","level":"info","event":"Filling up the DagBag from /opt/airflow/dags/connection_and_hook.py","logger":"airflow.models.dagbag.DagBag","filename":"dagbag.py","lineno":593}
{"timestamp":"2025-10-02T09:40:04.397366Z","level":"info","event":"Filling up the DagBag from /opt/airflow/dags/connection_and_hook.py","logger":"airflow.models.dagbag.DagBag","filename":"dagbag.py","lineno":593}
{"timestamp":"2025-10-02T09:40:35.001728Z","level":"info","event":"Filling up the DagBag from /opt/airflow/dags/connection_and_hook.py","logger":"airflow.models.dagbag.DagBag","filename":"dagbag.py","lineno":593}
{"timestamp":"2025-10-02T09:41:05.602734Z","level":"info","event":"Filling up the DagBag from /opt/airflow/dags/connection_and_hook.py","logger":"airflow.models.dagbag.DagBag","filename":"dagbag.py","lineno":593}
{"timestamp":"2025-10-02T09:41:36.218357Z","level":"info","event":"Filling up the DagBag from /opt/airflow/dags/connection_and_hook.py","logger":"airflow.models.dagbag.DagBag","filename":"dagbag.py","lineno":593}
{"timestamp":"2025-10-02T09:42:06.833889Z","level":"info","event":"Filling up the DagBag from /opt/airflow/dags/connection_and_hook.py","logger":"airflow.models.dagbag.DagBag","filename":"dagbag.py","lineno":593}
{"timestamp":"2025-10-02T09:42:37.452416Z","level":"info","event":"Filling up the DagBag from /opt/airflow/dags/connection_and_hook.py","logger":"airflow.models.dagbag.DagBag","filename":"dagbag.py","lineno":593}
{"timestamp":"2025-10-02T09:43:08.047768Z","level":"info","event":"Filling up the DagBag from /opt/airflow/dags/connection_and_hook.py","logger":"airflow.models.dagbag.DagBag","filename":"dagbag.py","lineno":593}
{"timestamp":"2025-10-02T09:43:38.667144Z","level":"info","event":"Filling up the DagBag from /opt/airflow/dags/connection_and_hook.py","logger":"airflow.models.dagbag.DagBag","filename":"dagbag.py","lineno":593}
{"timestamp":"2025-10-02T09:44:09.452762Z","level":"info","event":"Filling up the DagBag from /opt/airflow/dags/connection_and_hook.py","logger":"airflow.models.dagbag.DagBag","filename":"dagbag.py","lineno":593}
{"timestamp":"2025-10-02T09:44:40.067752Z","level":"info","event":"Filling up the DagBag from /opt/airflow/dags/connection_and_hook.py","logger":"airflow.models.dagbag.DagBag","filename":"dagbag.py","lineno":593}
{"timestamp":"2025-10-02T09:45:10.675446Z","level":"info","event":"Filling up the DagBag from /opt/airflow/dags/connection_and_hook.py","logger":"airflow.models.dagbag.DagBag","filename":"dagbag.py","lineno":593}
{"timestamp":"2025-10-02T09:45:41.299257Z","level":"info","event":"Filling up the DagBag from /opt/airflow/dags/connection_and_hook.py","logger":"airflow.models.dagbag.DagBag","filename":"dagbag.py","lineno":593}
{"timestamp":"2025-10-02T09:46:11.925137Z","level":"info","event":"Filling up the DagBag from /opt/airflow/dags/connection_and_hook.py","logger":"airflow.models.dagbag.DagBag","filename":"dagbag.py","lineno":593}
{"timestamp":"2025-10-02T09:46:42.542666Z","level":"info","event":"Filling up the DagBag from /opt/airflow/dags/connection_and_hook.py","logger":"airflow.models.dagbag.DagBag","filename":"dagbag.py","lineno":593}
{"timestamp":"2025-10-02T09:47:13.149651Z","level":"info","event":"Filling up the DagBag from /opt/airflow/dags/connection_and_hook.py","logger":"airflow.models.dagbag.DagBag","filename":"dagbag.py","lineno":593}
{"timestamp":"2025-10-02T09:47:43.796596Z","level":"info","event":"Filling up the DagBag from /opt/airflow/dags/connection_and_hook.py","logger":"airflow.models.dagbag.DagBag","filename":"dagbag.py","lineno":593}
{"timestamp":"2025-10-02T09:48:14.454074Z","level":"info","event":"Filling up the DagBag from /opt/airflow/dags/connection_and_hook.py","logger":"airflow.models.dagbag.DagBag","filename":"dagbag.py","lineno":593}
{"timestamp":"2025-10-02T09:48:45.092957Z","level":"info","event":"Filling up the DagBag from /opt/airflow/dags/connection_and_hook.py","logger":"airflow.models.dagbag.DagBag","filename":"dagbag.py","lineno":593}
{"timestamp":"2025-10-02T09:49:15.738317Z","level":"info","event":"Filling up the DagBag from /opt/airflow/dags/connection_and_hook.py","logger":"airflow.models.dagbag.DagBag","filename":"dagbag.py","lineno":593}
{"timestamp":"2025-10-02T09:49:46.347293Z","level":"info","event":"Filling up the DagBag from /opt/airflow/dags/connection_and_hook.py","logger":"airflow.models.dagbag.DagBag","filename":"dagbag.py","lineno":593}
{"timestamp":"2025-10-02T09:50:16.967509Z","level":"info","event":"Filling up the DagBag from /opt/airflow/dags/connection_and_hook.py","logger":"airflow.models.dagbag.DagBag","filename":"dagbag.py","lineno":593}
{"timestamp":"2025-10-02T09:50:47.588896Z","level":"info","event":"Filling up the DagBag from /opt/airflow/dags/connection_and_hook.py","logger":"airflow.models.dagbag.DagBag","filename":"dagbag.py","lineno":593}
{"timestamp":"2025-10-02T09:51:18.192311Z","level":"info","event":"Filling up the DagBag from /opt/airflow/dags/connection_and_hook.py","logger":"airflow.models.dagbag.DagBag","filename":"dagbag.py","lineno":593}
{"timestamp":"2025-10-02T09:51:48.814056Z","level":"info","event":"Filling up the DagBag from /opt/airflow/dags/connection_and_hook.py","logger":"airflow.models.dagbag.DagBag","filename":"dagbag.py","lineno":593}
{"timestamp":"2025-10-02T09:52:19.452556Z","level":"info","event":"Filling up the DagBag from /opt/airflow/dags/connection_and_hook.py","logger":"airflow.models.dagbag.DagBag","filename":"dagbag.py","lineno":593}
{"timestamp":"2025-10-02T09:52:50.069883Z","level":"info","event":"Filling up the DagBag from /opt/airflow/dags/connection_and_hook.py","logger":"airflow.models.dagbag.DagBag","filename":"dagbag.py","lineno":593}
{"timestamp":"2025-10-02T09:53:20.678427Z","level":"info","event":"Filling up the DagBag from /opt/airflow/dags/connection_and_hook.py","logger":"airflow.models.dagbag.DagBag","filename":"dagbag.py","lineno":593}
{"timestamp":"2025-10-02T09:53:51.337165Z","level":"info","event":"Filling up the DagBag from /opt/airflow/dags/connection_and_hook.py","logger":"airflow.models.dagbag.DagBag","filename":"dagbag.py","lineno":593}
{"timestamp":"2025-10-02T09:54:21.972026Z","level":"info","event":"Filling up the DagBag from /opt/airflow/dags/connection_and_hook.py","logger":"airflow.models.dagbag.DagBag","filename":"dagbag.py","lineno":593}
{"timestamp":"2025-10-02T09:54:52.604339Z","level":"info","event":"Filling up the DagBag from /opt/airflow/dags/connection_and_hook.py","logger":"airflow.models.dagbag.DagBag","filename":"dagbag.py","lineno":593}
{"timestamp":"2025-10-02T09:55:23.231231Z","level":"info","event":"Filling up the DagBag from /opt/airflow/dags/connection_and_hook.py","logger":"airflow.models.dagbag.DagBag","filename":"dagbag.py","lineno":593}
{"timestamp":"2025-10-02T09:55:53.860275Z","level":"info","event":"Filling up the DagBag from /opt/airflow/dags/connection_and_hook.py","logger":"airflow.models.dagbag.DagBag","filename":"dagbag.py","lineno":593}
{"timestamp":"2025-10-02T09:56:24.473088Z","level":"info","event":"Filling up the DagBag from /opt/airflow/dags/connection_and_hook.py","logger":"airflow.models.dagbag.DagBag","filename":"dagbag.py","lineno":593}
{"timestamp":"2025-10-02T09:56:55.108294Z","level":"info","event":"Filling up the DagBag from /opt/airflow/dags/connection_and_hook.py","logger":"airflow.models.dagbag.DagBag","filename":"dagbag.py","lineno":593}
{"timestamp":"2025-10-02T09:57:25.740867Z","level":"info","event":"Filling up the DagBag from /opt/airflow/dags/connection_and_hook.py","logger":"airflow.models.dagbag.DagBag","filename":"dagbag.py","lineno":593}
{"timestamp":"2025-10-02T09:57:56.360375Z","level":"info","event":"Filling up the DagBag from /opt/airflow/dags/connection_and_hook.py","logger":"airflow.models.dagbag.DagBag","filename":"dagbag.py","lineno":593}
{"timestamp":"2025-10-02T09:58:26.972102Z","level":"info","event":"Filling up the DagBag from /opt/airflow/dags/connection_and_hook.py","logger":"airflow.models.dagbag.DagBag","filename":"dagbag.py","lineno":593}
{"timestamp":"2025-10-02T09:58:57.581763Z","level":"info","event":"Filling up the DagBag from /opt/airflow/dags/connection_and_hook.py","logger":"airflow.models.dagbag.DagBag","filename":"dagbag.py","lineno":593}
{"timestamp":"2025-10-02T09:59:28.205038Z","level":"info","event":"Filling up the DagBag from /opt/airflow/dags/connection_and_hook.py","logger":"airflow.models.dagbag.DagBag","filename":"dagbag.py","lineno":593}
{"timestamp":"2025-10-02T09:59:58.826280Z","level":"info","event":"Filling up the DagBag from /opt/airflow/dags/connection_and_hook.py","logger":"airflow.models.dagbag.DagBag","filename":"dagbag.py","lineno":593}
{"timestamp":"2025-10-02T10:00:29.510671Z","level":"info","event":"Filling up the DagBag from /opt/airflow/dags/connection_and_hook.py","logger":"airflow.models.dagbag.DagBag","filename":"dagbag.py","lineno":593}
{"timestamp":"2025-10-02T10:01:00.121434Z","level":"info","event":"Filling up the DagBag from /opt/airflow/dags/connection_and_hook.py","logger":"airflow.models.dagbag.DagBag","filename":"dagbag.py","lineno":593}
{"timestamp":"2025-10-02T10:01:30.742202Z","level":"info","event":"Filling up the DagBag from /opt/airflow/dags/connection_and_hook.py","logger":"airflow.models.dagbag.DagBag","filename":"dagbag.py","lineno":593}
{"timestamp":"2025-10-02T10:02:01.365143Z","level":"info","event":"Filling up the DagBag from /opt/airflow/dags/connection_and_hook.py","logger":"airflow.models.dagbag.DagBag","filename":"dagbag.py","lineno":593}
{"timestamp":"2025-10-02T10:02:31.957946Z","level":"info","event":"Filling up the DagBag from /opt/airflow/dags/connection_and_hook.py","logger":"airflow.models.dagbag.DagBag","filename":"dagbag.py","lineno":593}
{"timestamp":"2025-10-02T10:03:02.577649Z","level":"info","event":"Filling up the DagBag from /opt/airflow/dags/connection_and_hook.py","logger":"airflow.models.dagbag.DagBag","filename":"dagbag.py","lineno":593}
{"timestamp":"2025-10-02T10:03:33.209031Z","level":"info","event":"Filling up the DagBag from /opt/airflow/dags/connection_and_hook.py","logger":"airflow.models.dagbag.DagBag","filename":"dagbag.py","lineno":593}
{"timestamp":"2025-10-02T10:04:03.846802Z","level":"info","event":"Filling up the DagBag from /opt/airflow/dags/connection_and_hook.py","logger":"airflow.models.dagbag.DagBag","filename":"dagbag.py","lineno":593}
{"timestamp":"2025-10-02T10:04:34.455591Z","level":"info","event":"Filling up the DagBag from /opt/airflow/dags/connection_and_hook.py","logger":"airflow.models.dagbag.DagBag","filename":"dagbag.py","lineno":593}
{"timestamp":"2025-10-02T10:05:05.040594Z","level":"info","event":"Filling up the DagBag from /opt/airflow/dags/connection_and_hook.py","logger":"airflow.models.dagbag.DagBag","filename":"dagbag.py","lineno":593}
{"timestamp":"2025-10-02T10:05:35.690045Z","level":"info","event":"Filling up the DagBag from /opt/airflow/dags/connection_and_hook.py","logger":"airflow.models.dagbag.DagBag","filename":"dagbag.py","lineno":593}
{"timestamp":"2025-10-02T10:06:06.333528Z","level":"info","event":"Filling up the DagBag from /opt/airflow/dags/connection_and_hook.py","logger":"airflow.models.dagbag.DagBag","filename":"dagbag.py","lineno":593}
{"timestamp":"2025-10-02T10:06:36.980229Z","level":"info","event":"Filling up the DagBag from /opt/airflow/dags/connection_and_hook.py","logger":"airflow.models.dagbag.DagBag","filename":"dagbag.py","lineno":593}
{"timestamp":"2025-10-02T10:07:07.624644Z","level":"info","event":"Filling up the DagBag from /opt/airflow/dags/connection_and_hook.py","logger":"airflow.models.dagbag.DagBag","filename":"dagbag.py","lineno":593}
{"timestamp":"2025-10-02T10:07:38.263851Z","level":"info","event":"Filling up the DagBag from /opt/airflow/dags/connection_and_hook.py","logger":"airflow.models.dagbag.DagBag","filename":"dagbag.py","lineno":593}
{"timestamp":"2025-10-02T10:08:08.878124Z","level":"info","event":"Filling up the DagBag from /opt/airflow/dags/connection_and_hook.py","logger":"airflow.models.dagbag.DagBag","filename":"dagbag.py","lineno":593}
{"timestamp":"2025-10-02T10:08:39.516270Z","level":"info","event":"Filling up the DagBag from /opt/airflow/dags/connection_and_hook.py","logger":"airflow.models.dagbag.DagBag","filename":"dagbag.py","lineno":593}
{"timestamp":"2025-10-02T10:09:10.143047Z","level":"info","event":"Filling up the DagBag from /opt/airflow/dags/connection_and_hook.py","logger":"airflow.models.dagbag.DagBag","filename":"dagbag.py","lineno":593}
{"timestamp":"2025-10-02T10:09:40.764583Z","level":"info","event":"Filling up the DagBag from /opt/airflow/dags/connection_and_hook.py","logger":"airflow.models.dagbag.DagBag","filename":"dagbag.py","lineno":593}
{"timestamp":"2025-10-02T10:10:11.382325Z","level":"info","event":"Filling up the DagBag from /opt/airflow/dags/connection_and_hook.py","logger":"airflow.models.dagbag.DagBag","filename":"dagbag.py","lineno":593}
{"timestamp":"2025-10-02T10:10:42.000277Z","level":"info","event":"Filling up the DagBag from /opt/airflow/dags/connection_and_hook.py","logger":"airflow.models.dagbag.DagBag","filename":"dagbag.py","lineno":593}
{"timestamp":"2025-10-02T10:11:12.639807Z","level":"info","event":"Filling up the DagBag from /opt/airflow/dags/connection_and_hook.py","logger":"airflow.models.dagbag.DagBag","filename":"dagbag.py","lineno":593}
{"timestamp":"2025-10-02T10:11:43.256581Z","level":"info","event":"Filling up the DagBag from /opt/airflow/dags/connection_and_hook.py","logger":"airflow.models.dagbag.DagBag","filename":"dagbag.py","lineno":593}
