{"timestamp":"2025-10-03T06:58:23.027046Z","level":"info","event":"Filling up the DagBag from /opt/airflow/dags/retry.py","logger":"airflow.models.dagbag.DagBag","filename":"dagbag.py","lineno":593}
{"timestamp":"2025-10-03T06:58:53.891750Z","level":"info","event":"Filling up the DagBag from /opt/airflow/dags/retry.py","logger":"airflow.models.dagbag.DagBag","filename":"dagbag.py","lineno":593}
{"timestamp":"2025-10-03T06:59:24.870422Z","level":"info","event":"Filling up the DagBag from /opt/airflow/dags/retry.py","logger":"airflow.models.dagbag.DagBag","filename":"dagbag.py","lineno":593}
{"timestamp":"2025-10-03T06:59:55.739330Z","level":"info","event":"Filling up the DagBag from /opt/airflow/dags/retry.py","logger":"airflow.models.dagbag.DagBag","filename":"dagbag.py","lineno":593}
{"timestamp":"2025-10-03T07:00:26.583892Z","level":"info","event":"Filling up the DagBag from /opt/airflow/dags/retry.py","logger":"airflow.models.dagbag.DagBag","filename":"dagbag.py","lineno":593}
{"timestamp":"2025-10-03T07:00:57.422522Z","level":"info","event":"Filling up the DagBag from /opt/airflow/dags/retry.py","logger":"airflow.models.dagbag.DagBag","filename":"dagbag.py","lineno":593}
{"timestamp":"2025-10-03T07:01:28.246624Z","level":"info","event":"Filling up the DagBag from /opt/airflow/dags/retry.py","logger":"airflow.models.dagbag.DagBag","filename":"dagbag.py","lineno":593}
{"timestamp":"2025-10-03T07:01:59.091960Z","level":"info","event":"Filling up the DagBag from /opt/airflow/dags/retry.py","logger":"airflow.models.dagbag.DagBag","filename":"dagbag.py","lineno":593}
{"timestamp":"2025-10-03T07:02:29.919985Z","level":"info","event":"Filling up the DagBag from /opt/airflow/dags/retry.py","logger":"airflow.models.dagbag.DagBag","filename":"dagbag.py","lineno":593}
{"timestamp":"2025-10-03T07:03:00.756711Z","level":"info","event":"Filling up the DagBag from /opt/airflow/dags/retry.py","logger":"airflow.models.dagbag.DagBag","filename":"dagbag.py","lineno":593}
{"timestamp":"2025-10-03T07:03:31.578548Z","level":"info","event":"Filling up the DagBag from /opt/airflow/dags/retry.py","logger":"airflow.models.dagbag.DagBag","filename":"dagbag.py","lineno":593}
{"timestamp":"2025-10-03T07:04:02.437068Z","level":"info","event":"Filling up the DagBag from /opt/airflow/dags/retry.py","logger":"airflow.models.dagbag.DagBag","filename":"dagbag.py","lineno":593}
{"timestamp":"2025-10-03T07:04:20.192591Z","level":"info","event":"Filling up the DagBag from /opt/airflow/dags/retry.py","logger":"airflow.models.dagbag.DagBag","filename":"dagbag.py","lineno":593}
{"timestamp":"2025-10-03T07:04:51.107161Z","level":"info","event":"Filling up the DagBag from /opt/airflow/dags/retry.py","logger":"airflow.models.dagbag.DagBag","filename":"dagbag.py","lineno":593}
{"timestamp":"2025-10-03T07:05:18.949339Z","level":"info","event":"Filling up the DagBag from /opt/airflow/dags/retry.py","logger":"airflow.models.dagbag.DagBag","filename":"dagbag.py","lineno":593}
{"timestamp":"2025-10-03T07:05:25.022750Z","level":"info","event":"Filling up the DagBag from /opt/airflow/dags/retry.py","logger":"airflow.models.dagbag.DagBag","filename":"dagbag.py","lineno":593}
{"timestamp":"2025-10-03T07:05:28.076686Z","level":"info","event":"Filling up the DagBag from /opt/airflow/dags/retry.py","logger":"airflow.models.dagbag.DagBag","filename":"dagbag.py","lineno":593}
{"timestamp":"2025-10-03T07:05:28.078690Z","level":"error","event":"Failed to import: /opt/airflow/dags/retry.py","logger":"airflow.models.dagbag.DagBag","filename":"dagbag.py","lineno":415,"error_detail":[{"exc_type":"SyntaxError","exc_value":"expected argument value expression (retry.py, line 18)","exc_notes":[],"syntax_error":{"offset":5,"filename":"/opt/airflow/dags/retry.py","line":"    retries=)\n","lineno":18,"msg":"expected argument value expression"},"is_cause":false,"frames":[{"filename":"/home/airflow/.local/lib/python3.12/site-packages/airflow/models/dagbag.py","lineno":405,"name":"parse"},{"filename":"<frozen importlib._bootstrap_external>","lineno":995,"name":"exec_module"},{"filename":"<frozen importlib._bootstrap_external>","lineno":1133,"name":"get_code"},{"filename":"<frozen importlib._bootstrap_external>","lineno":1063,"name":"source_to_code"},{"filename":"<frozen importlib._bootstrap>","lineno":488,"name":"_call_with_frames_removed"}],"is_group":false,"exceptions":[]}]}
{"timestamp":"2025-10-03T07:05:30.126470Z","level":"info","event":"Filling up the DagBag from /opt/airflow/dags/retry.py","logger":"airflow.models.dagbag.DagBag","filename":"dagbag.py","lineno":593}
{"timestamp":"2025-10-03T07:05:32.177055Z","level":"info","event":"Filling up the DagBag from /opt/airflow/dags/retry.py","logger":"airflow.models.dagbag.DagBag","filename":"dagbag.py","lineno":593}
{"timestamp":"2025-10-03T07:05:32.178966Z","level":"error","event":"Failed to import: /opt/airflow/dags/retry.py","logger":"airflow.models.dagbag.DagBag","filename":"dagbag.py","lineno":415,"error_detail":[{"exc_type":"SyntaxError","exc_value":"positional argument follows keyword argument (retry.py, line 19)","exc_notes":[],"syntax_error":{"offset":7,"filename":"/opt/airflow/dags/retry.py","line":"    re)\n","lineno":19,"msg":"positional argument follows keyword argument"},"is_cause":false,"frames":[{"filename":"/home/airflow/.local/lib/python3.12/site-packages/airflow/models/dagbag.py","lineno":405,"name":"parse"},{"filename":"<frozen importlib._bootstrap_external>","lineno":995,"name":"exec_module"},{"filename":"<frozen importlib._bootstrap_external>","lineno":1133,"name":"get_code"},{"filename":"<frozen importlib._bootstrap_external>","lineno":1063,"name":"source_to_code"},{"filename":"<frozen importlib._bootstrap>","lineno":488,"name":"_call_with_frames_removed"}],"is_group":false,"exceptions":[]}]}
{"timestamp":"2025-10-03T07:05:34.223196Z","level":"info","event":"Filling up the DagBag from /opt/airflow/dags/retry.py","logger":"airflow.models.dagbag.DagBag","filename":"dagbag.py","lineno":593}
{"timestamp":"2025-10-03T07:05:34.224797Z","level":"error","event":"Failed to import: /opt/airflow/dags/retry.py","logger":"airflow.models.dagbag.DagBag","filename":"dagbag.py","lineno":415,"error_detail":[{"exc_type":"SyntaxError","exc_value":"positional argument follows keyword argument (retry.py, line 19)","exc_notes":[],"syntax_error":{"offset":16,"filename":"/opt/airflow/dags/retry.py","line":"    retry_delay)\n","lineno":19,"msg":"positional argument follows keyword argument"},"is_cause":false,"frames":[{"filename":"/home/airflow/.local/lib/python3.12/site-packages/airflow/models/dagbag.py","lineno":405,"name":"parse"},{"filename":"<frozen importlib._bootstrap_external>","lineno":995,"name":"exec_module"},{"filename":"<frozen importlib._bootstrap_external>","lineno":1133,"name":"get_code"},{"filename":"<frozen importlib._bootstrap_external>","lineno":1063,"name":"source_to_code"},{"filename":"<frozen importlib._bootstrap>","lineno":488,"name":"_call_with_frames_removed"}],"is_group":false,"exceptions":[]}]}
{"timestamp":"2025-10-03T07:05:36.267861Z","level":"info","event":"Filling up the DagBag from /opt/airflow/dags/retry.py","logger":"airflow.models.dagbag.DagBag","filename":"dagbag.py","lineno":593}
{"timestamp":"2025-10-03T07:05:36.270010Z","level":"error","event":"Failed to import: /opt/airflow/dags/retry.py","logger":"airflow.models.dagbag.DagBag","filename":"dagbag.py","lineno":415,"error_detail":[{"exc_type":"SyntaxError","exc_value":"invalid syntax. Perhaps you forgot a comma? (retry.py, line 19)","exc_notes":[],"syntax_error":{"offset":5,"filename":"/opt/airflow/dags/retry.py","line":"    retry_delay[])\n","lineno":19,"msg":"invalid syntax. Perhaps you forgot a comma?"},"is_cause":false,"frames":[{"filename":"/home/airflow/.local/lib/python3.12/site-packages/airflow/models/dagbag.py","lineno":405,"name":"parse"},{"filename":"<frozen importlib._bootstrap_external>","lineno":995,"name":"exec_module"},{"filename":"<frozen importlib._bootstrap_external>","lineno":1133,"name":"get_code"},{"filename":"<frozen importlib._bootstrap_external>","lineno":1063,"name":"source_to_code"},{"filename":"<frozen importlib._bootstrap>","lineno":488,"name":"_call_with_frames_removed"}],"is_group":false,"exceptions":[]}]}
{"timestamp":"2025-10-03T07:05:40.330501Z","level":"info","event":"Filling up the DagBag from /opt/airflow/dags/retry.py","logger":"airflow.models.dagbag.DagBag","filename":"dagbag.py","lineno":593}
{"timestamp":"2025-10-03T07:05:40.332304Z","level":"error","event":"Failed to import: /opt/airflow/dags/retry.py","logger":"airflow.models.dagbag.DagBag","filename":"dagbag.py","lineno":415,"error_detail":[{"exc_type":"SyntaxError","exc_value":"positional argument follows keyword argument (retry.py, line 19)","exc_notes":[],"syntax_error":{"offset":26,"filename":"/opt/airflow/dags/retry.py","line":"    retry_delay-timedelta)\n","lineno":19,"msg":"positional argument follows keyword argument"},"is_cause":false,"frames":[{"filename":"/home/airflow/.local/lib/python3.12/site-packages/airflow/models/dagbag.py","lineno":405,"name":"parse"},{"filename":"<frozen importlib._bootstrap_external>","lineno":995,"name":"exec_module"},{"filename":"<frozen importlib._bootstrap_external>","lineno":1133,"name":"get_code"},{"filename":"<frozen importlib._bootstrap_external>","lineno":1063,"name":"source_to_code"},{"filename":"<frozen importlib._bootstrap>","lineno":488,"name":"_call_with_frames_removed"}],"is_group":false,"exceptions":[]}]}
{"timestamp":"2025-10-03T07:05:48.023606Z","level":"info","event":"Filling up the DagBag from /opt/airflow/dags/retry.py","logger":"airflow.models.dagbag.DagBag","filename":"dagbag.py","lineno":593}
{"timestamp":"2025-10-03T07:05:48.025777Z","level":"error","event":"Failed to import: /opt/airflow/dags/retry.py","logger":"airflow.models.dagbag.DagBag","filename":"dagbag.py","lineno":415,"error_detail":[{"exc_type":"SyntaxError","exc_value":"positional argument follows keyword argument (retry.py, line 19)","exc_notes":[],"syntax_error":{"offset":30,"filename":"/opt/airflow/dags/retry.py","line":"    retry_delay-timedelta(sw))\n","lineno":19,"msg":"positional argument follows keyword argument"},"is_cause":false,"frames":[{"filename":"/home/airflow/.local/lib/python3.12/site-packages/airflow/models/dagbag.py","lineno":405,"name":"parse"},{"filename":"<frozen importlib._bootstrap_external>","lineno":995,"name":"exec_module"},{"filename":"<frozen importlib._bootstrap_external>","lineno":1133,"name":"get_code"},{"filename":"<frozen importlib._bootstrap_external>","lineno":1063,"name":"source_to_code"},{"filename":"<frozen importlib._bootstrap>","lineno":488,"name":"_call_with_frames_removed"}],"is_group":false,"exceptions":[]}]}
{"timestamp":"2025-10-03T07:05:50.084872Z","level":"info","event":"Filling up the DagBag from /opt/airflow/dags/retry.py","logger":"airflow.models.dagbag.DagBag","filename":"dagbag.py","lineno":593}
{"timestamp":"2025-10-03T07:05:50.087046Z","level":"error","event":"Failed to import: /opt/airflow/dags/retry.py","logger":"airflow.models.dagbag.DagBag","filename":"dagbag.py","lineno":415,"error_detail":[{"exc_type":"SyntaxError","exc_value":"positional argument follows keyword argument (retry.py, line 19)","exc_notes":[],"syntax_error":{"offset":30,"filename":"/opt/airflow/dags/retry.py","line":"    retry_delay-timedelta(se))\n","lineno":19,"msg":"positional argument follows keyword argument"},"is_cause":false,"frames":[{"filename":"/home/airflow/.local/lib/python3.12/site-packages/airflow/models/dagbag.py","lineno":405,"name":"parse"},{"filename":"<frozen importlib._bootstrap_external>","lineno":995,"name":"exec_module"},{"filename":"<frozen importlib._bootstrap_external>","lineno":1133,"name":"get_code"},{"filename":"<frozen importlib._bootstrap_external>","lineno":1063,"name":"source_to_code"},{"filename":"<frozen importlib._bootstrap>","lineno":488,"name":"_call_with_frames_removed"}],"is_group":false,"exceptions":[]}]}
{"timestamp":"2025-10-03T07:05:53.135483Z","level":"info","event":"Filling up the DagBag from /opt/airflow/dags/retry.py","logger":"airflow.models.dagbag.DagBag","filename":"dagbag.py","lineno":593}
{"timestamp":"2025-10-03T07:05:53.137318Z","level":"error","event":"Failed to import: /opt/airflow/dags/retry.py","logger":"airflow.models.dagbag.DagBag","filename":"dagbag.py","lineno":415,"error_detail":[{"exc_type":"SyntaxError","exc_value":"positional argument follows keyword argument (retry.py, line 19)","exc_notes":[],"syntax_error":{"offset":37,"filename":"/opt/airflow/dags/retry.py","line":"    retry_delay-timedelta(seconds=5))\n","lineno":19,"msg":"positional argument follows keyword argument"},"is_cause":false,"frames":[{"filename":"/home/airflow/.local/lib/python3.12/site-packages/airflow/models/dagbag.py","lineno":405,"name":"parse"},{"filename":"<frozen importlib._bootstrap_external>","lineno":995,"name":"exec_module"},{"filename":"<frozen importlib._bootstrap_external>","lineno":1133,"name":"get_code"},{"filename":"<frozen importlib._bootstrap_external>","lineno":1063,"name":"source_to_code"},{"filename":"<frozen importlib._bootstrap>","lineno":488,"name":"_call_with_frames_removed"}],"is_group":false,"exceptions":[]}]}
{"timestamp":"2025-10-03T07:05:54.171232Z","level":"info","event":"Filling up the DagBag from /opt/airflow/dags/retry.py","logger":"airflow.models.dagbag.DagBag","filename":"dagbag.py","lineno":593}
{"timestamp":"2025-10-03T07:05:54.172981Z","level":"error","event":"Failed to import: /opt/airflow/dags/retry.py","logger":"airflow.models.dagbag.DagBag","filename":"dagbag.py","lineno":415,"error_detail":[{"exc_type":"SyntaxError","exc_value":"positional argument follows keyword argument (retry.py, line 19)","exc_notes":[],"syntax_error":{"offset":38,"filename":"/opt/airflow/dags/retry.py","line":"    retry_delay-timedelta(seconds=5),)\n","lineno":19,"msg":"positional argument follows keyword argument"},"is_cause":false,"frames":[{"filename":"/home/airflow/.local/lib/python3.12/site-packages/airflow/models/dagbag.py","lineno":405,"name":"parse"},{"filename":"<frozen importlib._bootstrap_external>","lineno":995,"name":"exec_module"},{"filename":"<frozen importlib._bootstrap_external>","lineno":1133,"name":"get_code"},{"filename":"<frozen importlib._bootstrap_external>","lineno":1063,"name":"source_to_code"},{"filename":"<frozen importlib._bootstrap>","lineno":488,"name":"_call_with_frames_removed"}],"is_group":false,"exceptions":[]}]}
{"timestamp":"2025-10-03T07:06:03.252739Z","level":"info","event":"Filling up the DagBag from /opt/airflow/dags/retry.py","logger":"airflow.models.dagbag.DagBag","filename":"dagbag.py","lineno":593}
{"timestamp":"2025-10-03T07:06:03.254556Z","level":"error","event":"Failed to import: /opt/airflow/dags/retry.py","logger":"airflow.models.dagbag.DagBag","filename":"dagbag.py","lineno":415,"error_detail":[{"exc_type":"SyntaxError","exc_value":"positional argument follows keyword argument (retry.py, line 19)","exc_notes":[],"syntax_error":{"offset":38,"filename":"/opt/airflow/dags/retry.py","line":"    retry_delay-timedelta(seconds=5),)\n","lineno":19,"msg":"positional argument follows keyword argument"},"is_cause":false,"frames":[{"filename":"/home/airflow/.local/lib/python3.12/site-packages/airflow/models/dagbag.py","lineno":405,"name":"parse"},{"filename":"<frozen importlib._bootstrap_external>","lineno":995,"name":"exec_module"},{"filename":"<frozen importlib._bootstrap_external>","lineno":1133,"name":"get_code"},{"filename":"<frozen importlib._bootstrap_external>","lineno":1063,"name":"source_to_code"},{"filename":"<frozen importlib._bootstrap>","lineno":488,"name":"_call_with_frames_removed"}],"is_group":false,"exceptions":[]}]}
{"timestamp":"2025-10-03T07:06:34.077290Z","level":"info","event":"Filling up the DagBag from /opt/airflow/dags/retry.py","logger":"airflow.models.dagbag.DagBag","filename":"dagbag.py","lineno":593}
{"timestamp":"2025-10-03T07:06:34.078962Z","level":"error","event":"Failed to import: /opt/airflow/dags/retry.py","logger":"airflow.models.dagbag.DagBag","filename":"dagbag.py","lineno":415,"error_detail":[{"exc_type":"SyntaxError","exc_value":"positional argument follows keyword argument (retry.py, line 19)","exc_notes":[],"syntax_error":{"offset":38,"filename":"/opt/airflow/dags/retry.py","line":"    retry_delay-timedelta(seconds=5),)\n","lineno":19,"msg":"positional argument follows keyword argument"},"is_cause":false,"frames":[{"filename":"/home/airflow/.local/lib/python3.12/site-packages/airflow/models/dagbag.py","lineno":405,"name":"parse"},{"filename":"<frozen importlib._bootstrap_external>","lineno":995,"name":"exec_module"},{"filename":"<frozen importlib._bootstrap_external>","lineno":1133,"name":"get_code"},{"filename":"<frozen importlib._bootstrap_external>","lineno":1063,"name":"source_to_code"},{"filename":"<frozen importlib._bootstrap>","lineno":488,"name":"_call_with_frames_removed"}],"is_group":false,"exceptions":[]}]}
{"timestamp":"2025-10-03T07:07:04.897912Z","level":"info","event":"Filling up the DagBag from /opt/airflow/dags/retry.py","logger":"airflow.models.dagbag.DagBag","filename":"dagbag.py","lineno":593}
{"timestamp":"2025-10-03T07:07:04.899961Z","level":"error","event":"Failed to import: /opt/airflow/dags/retry.py","logger":"airflow.models.dagbag.DagBag","filename":"dagbag.py","lineno":415,"error_detail":[{"exc_type":"SyntaxError","exc_value":"positional argument follows keyword argument (retry.py, line 19)","exc_notes":[],"syntax_error":{"offset":38,"filename":"/opt/airflow/dags/retry.py","line":"    retry_delay-timedelta(seconds=5),)\n","lineno":19,"msg":"positional argument follows keyword argument"},"is_cause":false,"frames":[{"filename":"/home/airflow/.local/lib/python3.12/site-packages/airflow/models/dagbag.py","lineno":405,"name":"parse"},{"filename":"<frozen importlib._bootstrap_external>","lineno":995,"name":"exec_module"},{"filename":"<frozen importlib._bootstrap_external>","lineno":1133,"name":"get_code"},{"filename":"<frozen importlib._bootstrap_external>","lineno":1063,"name":"source_to_code"},{"filename":"<frozen importlib._bootstrap>","lineno":488,"name":"_call_with_frames_removed"}],"is_group":false,"exceptions":[]}]}
{"timestamp":"2025-10-03T07:07:07.948532Z","level":"info","event":"Filling up the DagBag from /opt/airflow/dags/retry.py","logger":"airflow.models.dagbag.DagBag","filename":"dagbag.py","lineno":593}
{"timestamp":"2025-10-03T07:07:07.950150Z","level":"error","event":"Failed to import: /opt/airflow/dags/retry.py","logger":"airflow.models.dagbag.DagBag","filename":"dagbag.py","lineno":415,"error_detail":[{"exc_type":"SyntaxError","exc_value":"positional argument follows keyword argument (retry.py, line 19)","exc_notes":[],"syntax_error":{"offset":37,"filename":"/opt/airflow/dags/retry.py","line":"    retry_delay-timedelta(seconds=5))\n","lineno":19,"msg":"positional argument follows keyword argument"},"is_cause":false,"frames":[{"filename":"/home/airflow/.local/lib/python3.12/site-packages/airflow/models/dagbag.py","lineno":405,"name":"parse"},{"filename":"<frozen importlib._bootstrap_external>","lineno":995,"name":"exec_module"},{"filename":"<frozen importlib._bootstrap_external>","lineno":1133,"name":"get_code"},{"filename":"<frozen importlib._bootstrap_external>","lineno":1063,"name":"source_to_code"},{"filename":"<frozen importlib._bootstrap>","lineno":488,"name":"_call_with_frames_removed"}],"is_group":false,"exceptions":[]}]}
{"timestamp":"2025-10-03T07:07:08.983675Z","level":"info","event":"Filling up the DagBag from /opt/airflow/dags/retry.py","logger":"airflow.models.dagbag.DagBag","filename":"dagbag.py","lineno":593}
{"timestamp":"2025-10-03T07:07:08.985291Z","level":"error","event":"Failed to import: /opt/airflow/dags/retry.py","logger":"airflow.models.dagbag.DagBag","filename":"dagbag.py","lineno":415,"error_detail":[{"exc_type":"SyntaxError","exc_value":"positional argument follows keyword argument (retry.py, line 19)","exc_notes":[],"syntax_error":{"offset":37,"filename":"/opt/airflow/dags/retry.py","line":"    retry_delay-timedelta(seconds=5))\n","lineno":19,"msg":"positional argument follows keyword argument"},"is_cause":false,"frames":[{"filename":"/home/airflow/.local/lib/python3.12/site-packages/airflow/models/dagbag.py","lineno":405,"name":"parse"},{"filename":"<frozen importlib._bootstrap_external>","lineno":995,"name":"exec_module"},{"filename":"<frozen importlib._bootstrap_external>","lineno":1133,"name":"get_code"},{"filename":"<frozen importlib._bootstrap_external>","lineno":1063,"name":"source_to_code"},{"filename":"<frozen importlib._bootstrap>","lineno":488,"name":"_call_with_frames_removed"}],"is_group":false,"exceptions":[]}]}
{"timestamp":"2025-10-03T07:07:23.704089Z","level":"info","event":"Filling up the DagBag from /opt/airflow/dags/retry.py","logger":"airflow.models.dagbag.DagBag","filename":"dagbag.py","lineno":593}
{"timestamp":"2025-10-03T07:07:54.538215Z","level":"info","event":"Filling up the DagBag from /opt/airflow/dags/retry.py","logger":"airflow.models.dagbag.DagBag","filename":"dagbag.py","lineno":593}
{"timestamp":"2025-10-03T07:08:25.413304Z","level":"info","event":"Filling up the DagBag from /opt/airflow/dags/retry.py","logger":"airflow.models.dagbag.DagBag","filename":"dagbag.py","lineno":593}
{"timestamp":"2025-10-03T07:08:56.285408Z","level":"info","event":"Filling up the DagBag from /opt/airflow/dags/retry.py","logger":"airflow.models.dagbag.DagBag","filename":"dagbag.py","lineno":593}
{"timestamp":"2025-10-03T07:09:27.105237Z","level":"info","event":"Filling up the DagBag from /opt/airflow/dags/retry.py","logger":"airflow.models.dagbag.DagBag","filename":"dagbag.py","lineno":593}
{"timestamp":"2025-10-03T07:09:57.932702Z","level":"info","event":"Filling up the DagBag from /opt/airflow/dags/retry.py","logger":"airflow.models.dagbag.DagBag","filename":"dagbag.py","lineno":593}
{"timestamp":"2025-10-03T07:10:28.785194Z","level":"info","event":"Filling up the DagBag from /opt/airflow/dags/retry.py","logger":"airflow.models.dagbag.DagBag","filename":"dagbag.py","lineno":593}
{"timestamp":"2025-10-03T07:10:59.703509Z","level":"info","event":"Filling up the DagBag from /opt/airflow/dags/retry.py","logger":"airflow.models.dagbag.DagBag","filename":"dagbag.py","lineno":593}
{"timestamp":"2025-10-03T07:11:30.507205Z","level":"info","event":"Filling up the DagBag from /opt/airflow/dags/retry.py","logger":"airflow.models.dagbag.DagBag","filename":"dagbag.py","lineno":593}
{"timestamp":"2025-10-03T07:11:50.662244Z","level":"info","event":"Filling up the DagBag from /opt/airflow/dags/retry.py","logger":"airflow.models.dagbag.DagBag","filename":"dagbag.py","lineno":593}
{"timestamp":"2025-10-03T07:11:51.705395Z","level":"info","event":"Filling up the DagBag from /opt/airflow/dags/retry.py","logger":"airflow.models.dagbag.DagBag","filename":"dagbag.py","lineno":593}
{"timestamp":"2025-10-03T07:12:22.551241Z","level":"info","event":"Filling up the DagBag from /opt/airflow/dags/retry.py","logger":"airflow.models.dagbag.DagBag","filename":"dagbag.py","lineno":593}
{"timestamp":"2025-10-03T07:12:53.433747Z","level":"info","event":"Filling up the DagBag from /opt/airflow/dags/retry.py","logger":"airflow.models.dagbag.DagBag","filename":"dagbag.py","lineno":593}
{"timestamp":"2025-10-03T07:13:24.264627Z","level":"info","event":"Filling up the DagBag from /opt/airflow/dags/retry.py","logger":"airflow.models.dagbag.DagBag","filename":"dagbag.py","lineno":593}
{"timestamp":"2025-10-03T07:13:55.146398Z","level":"info","event":"Filling up the DagBag from /opt/airflow/dags/retry.py","logger":"airflow.models.dagbag.DagBag","filename":"dagbag.py","lineno":593}
{"timestamp":"2025-10-03T07:14:25.991964Z","level":"info","event":"Filling up the DagBag from /opt/airflow/dags/retry.py","logger":"airflow.models.dagbag.DagBag","filename":"dagbag.py","lineno":593}
{"timestamp":"2025-10-03T07:14:56.825429Z","level":"info","event":"Filling up the DagBag from /opt/airflow/dags/retry.py","logger":"airflow.models.dagbag.DagBag","filename":"dagbag.py","lineno":593}
{"timestamp":"2025-10-03T07:15:27.644978Z","level":"info","event":"Filling up the DagBag from /opt/airflow/dags/retry.py","logger":"airflow.models.dagbag.DagBag","filename":"dagbag.py","lineno":593}
{"timestamp":"2025-10-03T07:15:58.499343Z","level":"info","event":"Filling up the DagBag from /opt/airflow/dags/retry.py","logger":"airflow.models.dagbag.DagBag","filename":"dagbag.py","lineno":593}
{"timestamp":"2025-10-03T07:16:29.312518Z","level":"info","event":"Filling up the DagBag from /opt/airflow/dags/retry.py","logger":"airflow.models.dagbag.DagBag","filename":"dagbag.py","lineno":593}
{"timestamp":"2025-10-03T07:17:00.213560Z","level":"info","event":"Filling up the DagBag from /opt/airflow/dags/retry.py","logger":"airflow.models.dagbag.DagBag","filename":"dagbag.py","lineno":593}
{"timestamp":"2025-10-03T07:17:31.124268Z","level":"info","event":"Filling up the DagBag from /opt/airflow/dags/retry.py","logger":"airflow.models.dagbag.DagBag","filename":"dagbag.py","lineno":593}
{"timestamp":"2025-10-03T07:18:01.958343Z","level":"info","event":"Filling up the DagBag from /opt/airflow/dags/retry.py","logger":"airflow.models.dagbag.DagBag","filename":"dagbag.py","lineno":593}
{"timestamp":"2025-10-03T07:18:32.811580Z","level":"info","event":"Filling up the DagBag from /opt/airflow/dags/retry.py","logger":"airflow.models.dagbag.DagBag","filename":"dagbag.py","lineno":593}
{"timestamp":"2025-10-03T07:19:03.590846Z","level":"info","event":"Filling up the DagBag from /opt/airflow/dags/retry.py","logger":"airflow.models.dagbag.DagBag","filename":"dagbag.py","lineno":593}
{"timestamp":"2025-10-03T07:19:34.386603Z","level":"info","event":"Filling up the DagBag from /opt/airflow/dags/retry.py","logger":"airflow.models.dagbag.DagBag","filename":"dagbag.py","lineno":593}
{"timestamp":"2025-10-03T07:20:05.196320Z","level":"info","event":"Filling up the DagBag from /opt/airflow/dags/retry.py","logger":"airflow.models.dagbag.DagBag","filename":"dagbag.py","lineno":593}
{"timestamp":"2025-10-03T07:20:36.016917Z","level":"info","event":"Filling up the DagBag from /opt/airflow/dags/retry.py","logger":"airflow.models.dagbag.DagBag","filename":"dagbag.py","lineno":593}
{"timestamp":"2025-10-03T07:21:06.831763Z","level":"info","event":"Filling up the DagBag from /opt/airflow/dags/retry.py","logger":"airflow.models.dagbag.DagBag","filename":"dagbag.py","lineno":593}
{"timestamp":"2025-10-03T07:21:37.638273Z","level":"info","event":"Filling up the DagBag from /opt/airflow/dags/retry.py","logger":"airflow.models.dagbag.DagBag","filename":"dagbag.py","lineno":593}
{"timestamp":"2025-10-03T07:22:08.459685Z","level":"info","event":"Filling up the DagBag from /opt/airflow/dags/retry.py","logger":"airflow.models.dagbag.DagBag","filename":"dagbag.py","lineno":593}
{"timestamp":"2025-10-03T07:22:39.287659Z","level":"info","event":"Filling up the DagBag from /opt/airflow/dags/retry.py","logger":"airflow.models.dagbag.DagBag","filename":"dagbag.py","lineno":593}
{"timestamp":"2025-10-03T07:23:10.182574Z","level":"info","event":"Filling up the DagBag from /opt/airflow/dags/retry.py","logger":"airflow.models.dagbag.DagBag","filename":"dagbag.py","lineno":593}
{"timestamp":"2025-10-03T07:23:41.070565Z","level":"info","event":"Filling up the DagBag from /opt/airflow/dags/retry.py","logger":"airflow.models.dagbag.DagBag","filename":"dagbag.py","lineno":593}
{"timestamp":"2025-10-03T07:24:11.902663Z","level":"info","event":"Filling up the DagBag from /opt/airflow/dags/retry.py","logger":"airflow.models.dagbag.DagBag","filename":"dagbag.py","lineno":593}
{"timestamp":"2025-10-03T07:24:42.701161Z","level":"info","event":"Filling up the DagBag from /opt/airflow/dags/retry.py","logger":"airflow.models.dagbag.DagBag","filename":"dagbag.py","lineno":593}
{"timestamp":"2025-10-03T07:25:13.521797Z","level":"info","event":"Filling up the DagBag from /opt/airflow/dags/retry.py","logger":"airflow.models.dagbag.DagBag","filename":"dagbag.py","lineno":593}
{"timestamp":"2025-10-03T07:25:44.343013Z","level":"info","event":"Filling up the DagBag from /opt/airflow/dags/retry.py","logger":"airflow.models.dagbag.DagBag","filename":"dagbag.py","lineno":593}
{"timestamp":"2025-10-03T07:26:15.170578Z","level":"info","event":"Filling up the DagBag from /opt/airflow/dags/retry.py","logger":"airflow.models.dagbag.DagBag","filename":"dagbag.py","lineno":593}
{"timestamp":"2025-10-03T07:26:45.989242Z","level":"info","event":"Filling up the DagBag from /opt/airflow/dags/retry.py","logger":"airflow.models.dagbag.DagBag","filename":"dagbag.py","lineno":593}
{"timestamp":"2025-10-03T07:27:16.814252Z","level":"info","event":"Filling up the DagBag from /opt/airflow/dags/retry.py","logger":"airflow.models.dagbag.DagBag","filename":"dagbag.py","lineno":593}
{"timestamp":"2025-10-03T07:27:47.769385Z","level":"info","event":"Filling up the DagBag from /opt/airflow/dags/retry.py","logger":"airflow.models.dagbag.DagBag","filename":"dagbag.py","lineno":593}
{"timestamp":"2025-10-03T07:28:18.612186Z","level":"info","event":"Filling up the DagBag from /opt/airflow/dags/retry.py","logger":"airflow.models.dagbag.DagBag","filename":"dagbag.py","lineno":593}
{"timestamp":"2025-10-03T07:28:49.463885Z","level":"info","event":"Filling up the DagBag from /opt/airflow/dags/retry.py","logger":"airflow.models.dagbag.DagBag","filename":"dagbag.py","lineno":593}
{"timestamp":"2025-10-03T07:29:20.442521Z","level":"info","event":"Filling up the DagBag from /opt/airflow/dags/retry.py","logger":"airflow.models.dagbag.DagBag","filename":"dagbag.py","lineno":593}
{"timestamp":"2025-10-03T07:29:51.281982Z","level":"info","event":"Filling up the DagBag from /opt/airflow/dags/retry.py","logger":"airflow.models.dagbag.DagBag","filename":"dagbag.py","lineno":593}
{"timestamp":"2025-10-03T07:30:22.122371Z","level":"info","event":"Filling up the DagBag from /opt/airflow/dags/retry.py","logger":"airflow.models.dagbag.DagBag","filename":"dagbag.py","lineno":593}
{"timestamp":"2025-10-03T07:30:52.920785Z","level":"info","event":"Filling up the DagBag from /opt/airflow/dags/retry.py","logger":"airflow.models.dagbag.DagBag","filename":"dagbag.py","lineno":593}
{"timestamp":"2025-10-03T07:31:23.738244Z","level":"info","event":"Filling up the DagBag from /opt/airflow/dags/retry.py","logger":"airflow.models.dagbag.DagBag","filename":"dagbag.py","lineno":593}
{"timestamp":"2025-10-03T07:31:54.610724Z","level":"info","event":"Filling up the DagBag from /opt/airflow/dags/retry.py","logger":"airflow.models.dagbag.DagBag","filename":"dagbag.py","lineno":593}
{"timestamp":"2025-10-03T07:32:25.424640Z","level":"info","event":"Filling up the DagBag from /opt/airflow/dags/retry.py","logger":"airflow.models.dagbag.DagBag","filename":"dagbag.py","lineno":593}
{"timestamp":"2025-10-03T07:32:56.237440Z","level":"info","event":"Filling up the DagBag from /opt/airflow/dags/retry.py","logger":"airflow.models.dagbag.DagBag","filename":"dagbag.py","lineno":593}
{"timestamp":"2025-10-03T07:33:27.072501Z","level":"info","event":"Filling up the DagBag from /opt/airflow/dags/retry.py","logger":"airflow.models.dagbag.DagBag","filename":"dagbag.py","lineno":593}
{"timestamp":"2025-10-03T07:33:57.659905Z","level":"info","event":"Filling up the DagBag from /opt/airflow/dags/retry.py","logger":"airflow.models.dagbag.DagBag","filename":"dagbag.py","lineno":593}
{"timestamp":"2025-10-03T07:34:28.529016Z","level":"info","event":"Filling up the DagBag from /opt/airflow/dags/retry.py","logger":"airflow.models.dagbag.DagBag","filename":"dagbag.py","lineno":593}
{"timestamp":"2025-10-03T07:34:58.932235Z","level":"info","event":"Filling up the DagBag from /opt/airflow/dags/retry.py","logger":"airflow.models.dagbag.DagBag","filename":"dagbag.py","lineno":593}
{"timestamp":"2025-10-03T07:35:29.331514Z","level":"info","event":"Filling up the DagBag from /opt/airflow/dags/retry.py","logger":"airflow.models.dagbag.DagBag","filename":"dagbag.py","lineno":593}
{"timestamp":"2025-10-03T07:36:00.212312Z","level":"info","event":"Filling up the DagBag from /opt/airflow/dags/retry.py","logger":"airflow.models.dagbag.DagBag","filename":"dagbag.py","lineno":593}
{"timestamp":"2025-10-03T07:36:30.542776Z","level":"info","event":"Filling up the DagBag from /opt/airflow/dags/retry.py","logger":"airflow.models.dagbag.DagBag","filename":"dagbag.py","lineno":593}
{"timestamp":"2025-10-03T07:37:01.400905Z","level":"info","event":"Filling up the DagBag from /opt/airflow/dags/retry.py","logger":"airflow.models.dagbag.DagBag","filename":"dagbag.py","lineno":593}
{"timestamp":"2025-10-03T07:37:31.634875Z","level":"info","event":"Filling up the DagBag from /opt/airflow/dags/retry.py","logger":"airflow.models.dagbag.DagBag","filename":"dagbag.py","lineno":593}
{"timestamp":"2025-10-03T07:38:02.353004Z","level":"info","event":"Filling up the DagBag from /opt/airflow/dags/retry.py","logger":"airflow.models.dagbag.DagBag","filename":"dagbag.py","lineno":593}
{"timestamp":"2025-10-03T07:38:33.238983Z","level":"info","event":"Filling up the DagBag from /opt/airflow/dags/retry.py","logger":"airflow.models.dagbag.DagBag","filename":"dagbag.py","lineno":593}
{"timestamp":"2025-10-03T07:39:04.121999Z","level":"info","event":"Filling up the DagBag from /opt/airflow/dags/retry.py","logger":"airflow.models.dagbag.DagBag","filename":"dagbag.py","lineno":593}
{"timestamp":"2025-10-03T07:39:35.105539Z","level":"info","event":"Filling up the DagBag from /opt/airflow/dags/retry.py","logger":"airflow.models.dagbag.DagBag","filename":"dagbag.py","lineno":593}
{"timestamp":"2025-10-03T07:40:06.092014Z","level":"info","event":"Filling up the DagBag from /opt/airflow/dags/retry.py","logger":"airflow.models.dagbag.DagBag","filename":"dagbag.py","lineno":593}
{"timestamp":"2025-10-03T07:40:36.192385Z","level":"info","event":"Filling up the DagBag from /opt/airflow/dags/retry.py","logger":"airflow.models.dagbag.DagBag","filename":"dagbag.py","lineno":593}
{"timestamp":"2025-10-03T07:41:06.695857Z","level":"info","event":"Filling up the DagBag from /opt/airflow/dags/retry.py","logger":"airflow.models.dagbag.DagBag","filename":"dagbag.py","lineno":593}
{"timestamp":"2025-10-03T07:41:37.050226Z","level":"info","event":"Filling up the DagBag from /opt/airflow/dags/retry.py","logger":"airflow.models.dagbag.DagBag","filename":"dagbag.py","lineno":593}
{"timestamp":"2025-10-03T07:42:07.959267Z","level":"info","event":"Filling up the DagBag from /opt/airflow/dags/retry.py","logger":"airflow.models.dagbag.DagBag","filename":"dagbag.py","lineno":593}
{"timestamp":"2025-10-03T07:42:38.335548Z","level":"info","event":"Filling up the DagBag from /opt/airflow/dags/retry.py","logger":"airflow.models.dagbag.DagBag","filename":"dagbag.py","lineno":593}
{"timestamp":"2025-10-03T07:43:08.712756Z","level":"info","event":"Filling up the DagBag from /opt/airflow/dags/retry.py","logger":"airflow.models.dagbag.DagBag","filename":"dagbag.py","lineno":593}
{"timestamp":"2025-10-03T07:43:39.023618Z","level":"info","event":"Filling up the DagBag from /opt/airflow/dags/retry.py","logger":"airflow.models.dagbag.DagBag","filename":"dagbag.py","lineno":593}
{"timestamp":"2025-10-03T07:44:09.422620Z","level":"info","event":"Filling up the DagBag from /opt/airflow/dags/retry.py","logger":"airflow.models.dagbag.DagBag","filename":"dagbag.py","lineno":593}
{"timestamp":"2025-10-03T07:44:39.726734Z","level":"info","event":"Filling up the DagBag from /opt/airflow/dags/retry.py","logger":"airflow.models.dagbag.DagBag","filename":"dagbag.py","lineno":593}
{"timestamp":"2025-10-03T07:45:10.175894Z","level":"info","event":"Filling up the DagBag from /opt/airflow/dags/retry.py","logger":"airflow.models.dagbag.DagBag","filename":"dagbag.py","lineno":593}
{"timestamp":"2025-10-03T07:45:40.678328Z","level":"info","event":"Filling up the DagBag from /opt/airflow/dags/retry.py","logger":"airflow.models.dagbag.DagBag","filename":"dagbag.py","lineno":593}
{"timestamp":"2025-10-03T07:46:11.084266Z","level":"info","event":"Filling up the DagBag from /opt/airflow/dags/retry.py","logger":"airflow.models.dagbag.DagBag","filename":"dagbag.py","lineno":593}
{"timestamp":"2025-10-03T07:46:41.437401Z","level":"info","event":"Filling up the DagBag from /opt/airflow/dags/retry.py","logger":"airflow.models.dagbag.DagBag","filename":"dagbag.py","lineno":593}
{"timestamp":"2025-10-03T07:47:11.798398Z","level":"info","event":"Filling up the DagBag from /opt/airflow/dags/retry.py","logger":"airflow.models.dagbag.DagBag","filename":"dagbag.py","lineno":593}
{"timestamp":"2025-10-03T07:47:42.199257Z","level":"info","event":"Filling up the DagBag from /opt/airflow/dags/retry.py","logger":"airflow.models.dagbag.DagBag","filename":"dagbag.py","lineno":593}
{"timestamp":"2025-10-03T07:48:12.586944Z","level":"info","event":"Filling up the DagBag from /opt/airflow/dags/retry.py","logger":"airflow.models.dagbag.DagBag","filename":"dagbag.py","lineno":593}
{"timestamp":"2025-10-03T07:48:43.014281Z","level":"info","event":"Filling up the DagBag from /opt/airflow/dags/retry.py","logger":"airflow.models.dagbag.DagBag","filename":"dagbag.py","lineno":593}
{"timestamp":"2025-10-03T07:49:13.428761Z","level":"info","event":"Filling up the DagBag from /opt/airflow/dags/retry.py","logger":"airflow.models.dagbag.DagBag","filename":"dagbag.py","lineno":593}
{"timestamp":"2025-10-03T07:49:43.974234Z","level":"info","event":"Filling up the DagBag from /opt/airflow/dags/retry.py","logger":"airflow.models.dagbag.DagBag","filename":"dagbag.py","lineno":593}
{"timestamp":"2025-10-03T07:50:14.583059Z","level":"info","event":"Filling up the DagBag from /opt/airflow/dags/retry.py","logger":"airflow.models.dagbag.DagBag","filename":"dagbag.py","lineno":593}
{"timestamp":"2025-10-03T07:50:44.921905Z","level":"info","event":"Filling up the DagBag from /opt/airflow/dags/retry.py","logger":"airflow.models.dagbag.DagBag","filename":"dagbag.py","lineno":593}
{"timestamp":"2025-10-03T07:51:15.165953Z","level":"info","event":"Filling up the DagBag from /opt/airflow/dags/retry.py","logger":"airflow.models.dagbag.DagBag","filename":"dagbag.py","lineno":593}
{"timestamp":"2025-10-03T07:51:45.422447Z","level":"info","event":"Filling up the DagBag from /opt/airflow/dags/retry.py","logger":"airflow.models.dagbag.DagBag","filename":"dagbag.py","lineno":593}
{"timestamp":"2025-10-03T07:52:15.656192Z","level":"info","event":"Filling up the DagBag from /opt/airflow/dags/retry.py","logger":"airflow.models.dagbag.DagBag","filename":"dagbag.py","lineno":593}
{"timestamp":"2025-10-03T07:52:46.260898Z","level":"info","event":"Filling up the DagBag from /opt/airflow/dags/retry.py","logger":"airflow.models.dagbag.DagBag","filename":"dagbag.py","lineno":593}
{"timestamp":"2025-10-03T07:53:16.839646Z","level":"info","event":"Filling up the DagBag from /opt/airflow/dags/retry.py","logger":"airflow.models.dagbag.DagBag","filename":"dagbag.py","lineno":593}
{"timestamp":"2025-10-03T07:53:47.435198Z","level":"info","event":"Filling up the DagBag from /opt/airflow/dags/retry.py","logger":"airflow.models.dagbag.DagBag","filename":"dagbag.py","lineno":593}
{"timestamp":"2025-10-03T07:54:17.711029Z","level":"info","event":"Filling up the DagBag from /opt/airflow/dags/retry.py","logger":"airflow.models.dagbag.DagBag","filename":"dagbag.py","lineno":593}
{"timestamp":"2025-10-03T07:54:47.983751Z","level":"info","event":"Filling up the DagBag from /opt/airflow/dags/retry.py","logger":"airflow.models.dagbag.DagBag","filename":"dagbag.py","lineno":593}
{"timestamp":"2025-10-03T07:55:18.257049Z","level":"info","event":"Filling up the DagBag from /opt/airflow/dags/retry.py","logger":"airflow.models.dagbag.DagBag","filename":"dagbag.py","lineno":593}
{"timestamp":"2025-10-03T07:55:48.605011Z","level":"info","event":"Filling up the DagBag from /opt/airflow/dags/retry.py","logger":"airflow.models.dagbag.DagBag","filename":"dagbag.py","lineno":593}
{"timestamp":"2025-10-03T07:56:18.810226Z","level":"info","event":"Filling up the DagBag from /opt/airflow/dags/retry.py","logger":"airflow.models.dagbag.DagBag","filename":"dagbag.py","lineno":593}
{"timestamp":"2025-10-03T07:56:49.021901Z","level":"info","event":"Filling up the DagBag from /opt/airflow/dags/retry.py","logger":"airflow.models.dagbag.DagBag","filename":"dagbag.py","lineno":593}
{"timestamp":"2025-10-03T07:57:19.230345Z","level":"info","event":"Filling up the DagBag from /opt/airflow/dags/retry.py","logger":"airflow.models.dagbag.DagBag","filename":"dagbag.py","lineno":593}
{"timestamp":"2025-10-03T07:57:49.731427Z","level":"info","event":"Filling up the DagBag from /opt/airflow/dags/retry.py","logger":"airflow.models.dagbag.DagBag","filename":"dagbag.py","lineno":593}
{"timestamp":"2025-10-03T07:58:19.932429Z","level":"info","event":"Filling up the DagBag from /opt/airflow/dags/retry.py","logger":"airflow.models.dagbag.DagBag","filename":"dagbag.py","lineno":593}
{"timestamp":"2025-10-03T07:58:50.136443Z","level":"info","event":"Filling up the DagBag from /opt/airflow/dags/retry.py","logger":"airflow.models.dagbag.DagBag","filename":"dagbag.py","lineno":593}
{"timestamp":"2025-10-03T07:59:20.374538Z","level":"info","event":"Filling up the DagBag from /opt/airflow/dags/retry.py","logger":"airflow.models.dagbag.DagBag","filename":"dagbag.py","lineno":593}
{"timestamp":"2025-10-03T07:59:50.702135Z","level":"info","event":"Filling up the DagBag from /opt/airflow/dags/retry.py","logger":"airflow.models.dagbag.DagBag","filename":"dagbag.py","lineno":593}
{"timestamp":"2025-10-03T08:00:21.227975Z","level":"info","event":"Filling up the DagBag from /opt/airflow/dags/retry.py","logger":"airflow.models.dagbag.DagBag","filename":"dagbag.py","lineno":593}
{"timestamp":"2025-10-03T08:00:51.604879Z","level":"info","event":"Filling up the DagBag from /opt/airflow/dags/retry.py","logger":"airflow.models.dagbag.DagBag","filename":"dagbag.py","lineno":593}
{"timestamp":"2025-10-03T08:01:21.803738Z","level":"info","event":"Filling up the DagBag from /opt/airflow/dags/retry.py","logger":"airflow.models.dagbag.DagBag","filename":"dagbag.py","lineno":593}
{"timestamp":"2025-10-03T08:01:52.645390Z","level":"info","event":"Filling up the DagBag from /opt/airflow/dags/retry.py","logger":"airflow.models.dagbag.DagBag","filename":"dagbag.py","lineno":593}
{"timestamp":"2025-10-03T08:02:22.827651Z","level":"info","event":"Filling up the DagBag from /opt/airflow/dags/retry.py","logger":"airflow.models.dagbag.DagBag","filename":"dagbag.py","lineno":593}
{"timestamp":"2025-10-03T08:02:53.034359Z","level":"info","event":"Filling up the DagBag from /opt/airflow/dags/retry.py","logger":"airflow.models.dagbag.DagBag","filename":"dagbag.py","lineno":593}
{"timestamp":"2025-10-03T08:03:23.230082Z","level":"info","event":"Filling up the DagBag from /opt/airflow/dags/retry.py","logger":"airflow.models.dagbag.DagBag","filename":"dagbag.py","lineno":593}
{"timestamp":"2025-10-03T08:03:53.414879Z","level":"info","event":"Filling up the DagBag from /opt/airflow/dags/retry.py","logger":"airflow.models.dagbag.DagBag","filename":"dagbag.py","lineno":593}
{"timestamp":"2025-10-03T08:04:24.363621Z","level":"info","event":"Filling up the DagBag from /opt/airflow/dags/retry.py","logger":"airflow.models.dagbag.DagBag","filename":"dagbag.py","lineno":593}
{"timestamp":"2025-10-03T08:04:55.399459Z","level":"info","event":"Filling up the DagBag from /opt/airflow/dags/retry.py","logger":"airflow.models.dagbag.DagBag","filename":"dagbag.py","lineno":593}
{"timestamp":"2025-10-03T08:05:26.444155Z","level":"info","event":"Filling up the DagBag from /opt/airflow/dags/retry.py","logger":"airflow.models.dagbag.DagBag","filename":"dagbag.py","lineno":593}
{"timestamp":"2025-10-03T08:05:56.674006Z","level":"info","event":"Filling up the DagBag from /opt/airflow/dags/retry.py","logger":"airflow.models.dagbag.DagBag","filename":"dagbag.py","lineno":593}
{"timestamp":"2025-10-03T08:06:27.059332Z","level":"info","event":"Filling up the DagBag from /opt/airflow/dags/retry.py","logger":"airflow.models.dagbag.DagBag","filename":"dagbag.py","lineno":593}
{"timestamp":"2025-10-03T08:06:57.211013Z","level":"info","event":"Filling up the DagBag from /opt/airflow/dags/retry.py","logger":"airflow.models.dagbag.DagBag","filename":"dagbag.py","lineno":593}
{"timestamp":"2025-10-03T08:07:27.369091Z","level":"info","event":"Filling up the DagBag from /opt/airflow/dags/retry.py","logger":"airflow.models.dagbag.DagBag","filename":"dagbag.py","lineno":593}
{"timestamp":"2025-10-03T08:07:57.543157Z","level":"info","event":"Filling up the DagBag from /opt/airflow/dags/retry.py","logger":"airflow.models.dagbag.DagBag","filename":"dagbag.py","lineno":593}
{"timestamp":"2025-10-03T08:08:27.773916Z","level":"info","event":"Filling up the DagBag from /opt/airflow/dags/retry.py","logger":"airflow.models.dagbag.DagBag","filename":"dagbag.py","lineno":593}
{"timestamp":"2025-10-03T08:08:57.932072Z","level":"info","event":"Filling up the DagBag from /opt/airflow/dags/retry.py","logger":"airflow.models.dagbag.DagBag","filename":"dagbag.py","lineno":593}
{"timestamp":"2025-10-03T08:09:28.065777Z","level":"info","event":"Filling up the DagBag from /opt/airflow/dags/retry.py","logger":"airflow.models.dagbag.DagBag","filename":"dagbag.py","lineno":593}
{"timestamp":"2025-10-03T08:09:59.052747Z","level":"info","event":"Filling up the DagBag from /opt/airflow/dags/retry.py","logger":"airflow.models.dagbag.DagBag","filename":"dagbag.py","lineno":593}
{"timestamp":"2025-10-03T08:10:29.952691Z","level":"info","event":"Filling up the DagBag from /opt/airflow/dags/retry.py","logger":"airflow.models.dagbag.DagBag","filename":"dagbag.py","lineno":593}
{"timestamp":"2025-10-03T08:11:00.203268Z","level":"info","event":"Filling up the DagBag from /opt/airflow/dags/retry.py","logger":"airflow.models.dagbag.DagBag","filename":"dagbag.py","lineno":593}
{"timestamp":"2025-10-03T08:11:31.140034Z","level":"info","event":"Filling up the DagBag from /opt/airflow/dags/retry.py","logger":"airflow.models.dagbag.DagBag","filename":"dagbag.py","lineno":593}
{"timestamp":"2025-10-03T08:12:01.515610Z","level":"info","event":"Filling up the DagBag from /opt/airflow/dags/retry.py","logger":"airflow.models.dagbag.DagBag","filename":"dagbag.py","lineno":593}
{"timestamp":"2025-10-03T08:12:32.393113Z","level":"info","event":"Filling up the DagBag from /opt/airflow/dags/retry.py","logger":"airflow.models.dagbag.DagBag","filename":"dagbag.py","lineno":593}
{"timestamp":"2025-10-03T08:13:02.497865Z","level":"info","event":"Filling up the DagBag from /opt/airflow/dags/retry.py","logger":"airflow.models.dagbag.DagBag","filename":"dagbag.py","lineno":593}
{"timestamp":"2025-10-03T08:13:32.859393Z","level":"info","event":"Filling up the DagBag from /opt/airflow/dags/retry.py","logger":"airflow.models.dagbag.DagBag","filename":"dagbag.py","lineno":593}
{"timestamp":"2025-10-03T08:14:03.368885Z","level":"info","event":"Filling up the DagBag from /opt/airflow/dags/retry.py","logger":"airflow.models.dagbag.DagBag","filename":"dagbag.py","lineno":593}
{"timestamp":"2025-10-03T08:14:33.564717Z","level":"info","event":"Filling up the DagBag from /opt/airflow/dags/retry.py","logger":"airflow.models.dagbag.DagBag","filename":"dagbag.py","lineno":593}
{"timestamp":"2025-10-03T08:15:03.755192Z","level":"info","event":"Filling up the DagBag from /opt/airflow/dags/retry.py","logger":"airflow.models.dagbag.DagBag","filename":"dagbag.py","lineno":593}
{"timestamp":"2025-10-03T08:15:34.249470Z","level":"info","event":"Filling up the DagBag from /opt/airflow/dags/retry.py","logger":"airflow.models.dagbag.DagBag","filename":"dagbag.py","lineno":593}
{"timestamp":"2025-10-03T08:16:04.971287Z","level":"info","event":"Filling up the DagBag from /opt/airflow/dags/retry.py","logger":"airflow.models.dagbag.DagBag","filename":"dagbag.py","lineno":593}
{"timestamp":"2025-10-03T08:16:35.024066Z","level":"info","event":"Filling up the DagBag from /opt/airflow/dags/retry.py","logger":"airflow.models.dagbag.DagBag","filename":"dagbag.py","lineno":593}
{"timestamp":"2025-10-03T08:17:05.069791Z","level":"info","event":"Filling up the DagBag from /opt/airflow/dags/retry.py","logger":"airflow.models.dagbag.DagBag","filename":"dagbag.py","lineno":593}
{"timestamp":"2025-10-03T08:17:35.992013Z","level":"info","event":"Filling up the DagBag from /opt/airflow/dags/retry.py","logger":"airflow.models.dagbag.DagBag","filename":"dagbag.py","lineno":593}
{"timestamp":"2025-10-03T08:18:06.556042Z","level":"info","event":"Filling up the DagBag from /opt/airflow/dags/retry.py","logger":"airflow.models.dagbag.DagBag","filename":"dagbag.py","lineno":593}
{"timestamp":"2025-10-03T08:18:36.726053Z","level":"info","event":"Filling up the DagBag from /opt/airflow/dags/retry.py","logger":"airflow.models.dagbag.DagBag","filename":"dagbag.py","lineno":593}
{"timestamp":"2025-10-03T08:19:06.915804Z","level":"info","event":"Filling up the DagBag from /opt/airflow/dags/retry.py","logger":"airflow.models.dagbag.DagBag","filename":"dagbag.py","lineno":593}
{"timestamp":"2025-10-03T08:19:37.411999Z","level":"info","event":"Filling up the DagBag from /opt/airflow/dags/retry.py","logger":"airflow.models.dagbag.DagBag","filename":"dagbag.py","lineno":593}
{"timestamp":"2025-10-03T08:20:08.309532Z","level":"info","event":"Filling up the DagBag from /opt/airflow/dags/retry.py","logger":"airflow.models.dagbag.DagBag","filename":"dagbag.py","lineno":593}
{"timestamp":"2025-10-03T08:20:38.493755Z","level":"info","event":"Filling up the DagBag from /opt/airflow/dags/retry.py","logger":"airflow.models.dagbag.DagBag","filename":"dagbag.py","lineno":593}
{"timestamp":"2025-10-03T08:21:08.669241Z","level":"info","event":"Filling up the DagBag from /opt/airflow/dags/retry.py","logger":"airflow.models.dagbag.DagBag","filename":"dagbag.py","lineno":593}
{"timestamp":"2025-10-03T08:21:39.006599Z","level":"info","event":"Filling up the DagBag from /opt/airflow/dags/retry.py","logger":"airflow.models.dagbag.DagBag","filename":"dagbag.py","lineno":593}
{"timestamp":"2025-10-03T08:22:09.191032Z","level":"info","event":"Filling up the DagBag from /opt/airflow/dags/retry.py","logger":"airflow.models.dagbag.DagBag","filename":"dagbag.py","lineno":593}
{"timestamp":"2025-10-03T08:22:39.369650Z","level":"info","event":"Filling up the DagBag from /opt/airflow/dags/retry.py","logger":"airflow.models.dagbag.DagBag","filename":"dagbag.py","lineno":593}
{"timestamp":"2025-10-03T08:23:09.520364Z","level":"info","event":"Filling up the DagBag from /opt/airflow/dags/retry.py","logger":"airflow.models.dagbag.DagBag","filename":"dagbag.py","lineno":593}
{"timestamp":"2025-10-03T08:23:39.731368Z","level":"info","event":"Filling up the DagBag from /opt/airflow/dags/retry.py","logger":"airflow.models.dagbag.DagBag","filename":"dagbag.py","lineno":593}
{"timestamp":"2025-10-03T08:24:09.909371Z","level":"info","event":"Filling up the DagBag from /opt/airflow/dags/retry.py","logger":"airflow.models.dagbag.DagBag","filename":"dagbag.py","lineno":593}
{"timestamp":"2025-10-03T08:24:40.051267Z","level":"info","event":"Filling up the DagBag from /opt/airflow/dags/retry.py","logger":"airflow.models.dagbag.DagBag","filename":"dagbag.py","lineno":593}
{"timestamp":"2025-10-03T08:25:10.226987Z","level":"info","event":"Filling up the DagBag from /opt/airflow/dags/retry.py","logger":"airflow.models.dagbag.DagBag","filename":"dagbag.py","lineno":593}
{"timestamp":"2025-10-03T08:25:40.433706Z","level":"info","event":"Filling up the DagBag from /opt/airflow/dags/retry.py","logger":"airflow.models.dagbag.DagBag","filename":"dagbag.py","lineno":593}
{"timestamp":"2025-10-03T08:26:10.823923Z","level":"info","event":"Filling up the DagBag from /opt/airflow/dags/retry.py","logger":"airflow.models.dagbag.DagBag","filename":"dagbag.py","lineno":593}
{"timestamp":"2025-10-03T08:26:41.803217Z","level":"info","event":"Filling up the DagBag from /opt/airflow/dags/retry.py","logger":"airflow.models.dagbag.DagBag","filename":"dagbag.py","lineno":593}
{"timestamp":"2025-10-03T08:27:11.862821Z","level":"info","event":"Filling up the DagBag from /opt/airflow/dags/retry.py","logger":"airflow.models.dagbag.DagBag","filename":"dagbag.py","lineno":593}
{"timestamp":"2025-10-03T08:27:42.193927Z","level":"info","event":"Filling up the DagBag from /opt/airflow/dags/retry.py","logger":"airflow.models.dagbag.DagBag","filename":"dagbag.py","lineno":593}
{"timestamp":"2025-10-03T08:28:12.697237Z","level":"info","event":"Filling up the DagBag from /opt/airflow/dags/retry.py","logger":"airflow.models.dagbag.DagBag","filename":"dagbag.py","lineno":593}
{"timestamp":"2025-10-03T08:28:43.375688Z","level":"info","event":"Filling up the DagBag from /opt/airflow/dags/retry.py","logger":"airflow.models.dagbag.DagBag","filename":"dagbag.py","lineno":593}
{"timestamp":"2025-10-03T08:29:13.569746Z","level":"info","event":"Filling up the DagBag from /opt/airflow/dags/retry.py","logger":"airflow.models.dagbag.DagBag","filename":"dagbag.py","lineno":593}
{"timestamp":"2025-10-03T08:29:44.491503Z","level":"info","event":"Filling up the DagBag from /opt/airflow/dags/retry.py","logger":"airflow.models.dagbag.DagBag","filename":"dagbag.py","lineno":593}
{"timestamp":"2025-10-03T08:30:14.911011Z","level":"info","event":"Filling up the DagBag from /opt/airflow/dags/retry.py","logger":"airflow.models.dagbag.DagBag","filename":"dagbag.py","lineno":593}
{"timestamp":"2025-10-03T08:30:45.848928Z","level":"info","event":"Filling up the DagBag from /opt/airflow/dags/retry.py","logger":"airflow.models.dagbag.DagBag","filename":"dagbag.py","lineno":593}
{"timestamp":"2025-10-03T08:31:16.246971Z","level":"info","event":"Filling up the DagBag from /opt/airflow/dags/retry.py","logger":"airflow.models.dagbag.DagBag","filename":"dagbag.py","lineno":593}
{"timestamp":"2025-10-03T08:31:46.790552Z","level":"info","event":"Filling up the DagBag from /opt/airflow/dags/retry.py","logger":"airflow.models.dagbag.DagBag","filename":"dagbag.py","lineno":593}
{"timestamp":"2025-10-03T08:32:17.235589Z","level":"info","event":"Filling up the DagBag from /opt/airflow/dags/retry.py","logger":"airflow.models.dagbag.DagBag","filename":"dagbag.py","lineno":593}
{"timestamp":"2025-10-03T08:32:47.660765Z","level":"info","event":"Filling up the DagBag from /opt/airflow/dags/retry.py","logger":"airflow.models.dagbag.DagBag","filename":"dagbag.py","lineno":593}
{"timestamp":"2025-10-03T08:33:18.078205Z","level":"info","event":"Filling up the DagBag from /opt/airflow/dags/retry.py","logger":"airflow.models.dagbag.DagBag","filename":"dagbag.py","lineno":593}
{"timestamp":"2025-10-03T08:33:48.524244Z","level":"info","event":"Filling up the DagBag from /opt/airflow/dags/retry.py","logger":"airflow.models.dagbag.DagBag","filename":"dagbag.py","lineno":593}
{"timestamp":"2025-10-03T08:34:19.021641Z","level":"info","event":"Filling up the DagBag from /opt/airflow/dags/retry.py","logger":"airflow.models.dagbag.DagBag","filename":"dagbag.py","lineno":593}
{"timestamp":"2025-10-03T08:34:49.452033Z","level":"info","event":"Filling up the DagBag from /opt/airflow/dags/retry.py","logger":"airflow.models.dagbag.DagBag","filename":"dagbag.py","lineno":593}
{"timestamp":"2025-10-03T08:35:20.043474Z","level":"info","event":"Filling up the DagBag from /opt/airflow/dags/retry.py","logger":"airflow.models.dagbag.DagBag","filename":"dagbag.py","lineno":593}
{"timestamp":"2025-10-03T08:35:50.123053Z","level":"info","event":"Filling up the DagBag from /opt/airflow/dags/retry.py","logger":"airflow.models.dagbag.DagBag","filename":"dagbag.py","lineno":593}
{"timestamp":"2025-10-03T08:36:20.684845Z","level":"info","event":"Filling up the DagBag from /opt/airflow/dags/retry.py","logger":"airflow.models.dagbag.DagBag","filename":"dagbag.py","lineno":593}
